TITLE : T3_two_element_square_plane_stress
        (21:0:15 on May 28, 2026, Thursday)

C O N T R O L   I N F O R M A T I O N

      NUMBER OF NODAL POINTS . . . . . . . . . . (NUMNP)  =     4
      NUMBER OF ELEMENT GROUPS . . . . . . . . . (NUMEG)  =     1
      NUMBER OF LOAD CASES . . . . . . . . . . . (NLCASE) =     1
      SOLUTION MODE  . . . . . . . . . . . . . . (MODEX)  =     1
         EQ.0, DATA CHECK
         EQ.1, EXECUTION

 N O D A L   P O I N T   D A T A

    NODE       BOUNDARY                         NODAL POINT
   NUMBER  CONDITION  CODES                     COORDINATES
        1    1    1    1       0.00000e+00    0.00000e+00    0.00000e+00
        2    0    0    1       1.00000e+00    0.00000e+00    0.00000e+00
        3    1    1    1       0.00000e+00    1.00000e+00    0.00000e+00
        4    0    0    1       1.00000e+00    1.00000e+00    0.00000e+00

 EQUATION NUMBERS

   NODE NUMBER   DEGREES OF FREEDOM
        N           X    Y    Z
        1           0    0    0
        2           1    2    0
        3           0    0    0
        4           3    4    0

 L O A D   C A S E   D A T A

     LOAD CASE NUMBER . . . . . . . =     1
     NUMBER OF CONCENTRATED LOADS . =     2

    NODE       DIRECTION      LOAD
   NUMBER                   MAGNITUDE
      2            1        5.00000e+02
      4            1        5.00000e+02

 E L E M E N T   G R O U P   D A T A


 E L E M E N T   D E F I N I T I O N

 ELEMENT TYPE  . . . . . . . . . . . . .( NPAR(1) ) . . =    3
     EQ.1, TRUSS ELEMENTS
     EQ.2, ELEMENTS CURRENTLY
     EQ.3, NOT AVAILABLE

 NUMBER OF ELEMENTS. . . . . . . . . . .( NPAR(2) ) . . =    2

 M A T E R I A L   D E F I N I T I O N

 NUMBER OF DIFFERENT SETS OF MATERIAL . . . . . . . . . . . . . . . . . . =    1

  SET       YOUNG'S        POISSON'S       THICKNESS   MODE
 NUMBER     MODULUS          RATIO
               E              NU              T      1=PS 2=PE
    1     2.10000e+05     3.00000e-01     1.00000e+00       1


 E L E M E N T   I N F O R M A T I O N
 ELEMENT     NODE     NODE     NODE       MATERIAL
 NUMBER-N      I        J        K       SET NUMBER
    1          1        2        4           1
    2          1        4        3           1

	TOTAL SYSTEM DATA

     NUMBER OF EQUATIONS . . . . . . . . . . . . . .(NEQ) = 4
     NUMBER OF MATRIX ELEMENTS . . . . . . . . . . .(NWK) = 10
     MAXIMUM HALF BANDWIDTH  . . . . . . . . . . . .(MK ) = 4
     MEAN HALF BANDWIDTH . . . . . . . . . . . . . .(MM ) = 2


 LOAD CASE    1


 D I S P L A C E M E N T S

  NODE           X-DISPLACEMENT    Y-DISPLACEMENT    Z-DISPLACEMENT
    1               0.00000e+00       0.00000e+00       0.00000e+00
    2               4.85511e-03       9.89157e-04       0.00000e+00
    3               0.00000e+00       0.00000e+00       0.00000e+00
    4               4.21216e-03      -3.46205e-04       0.00000e+00

 S T R E S S  C A L C U L A T I O N S  F O R  E L E M E N T  G R O U P    1

  ELEMENT          SIGMA-X           SIGMA-Y            TAU-XY
  NUMBER
    1       1.02796e+03       2.79627e+01       2.79627e+01
    2       9.72037e+02       2.91611e+02      -2.79627e+01


 S O L U T I O N   T I M E   L O G   I N   S E C 

     TIME FOR INPUT PHASE = 8.00000e-03
     TIME FOR CALCULATION OF STIFFNESS MATRIX = 0.00000e+00
     TIME FOR FACTORIZATION AND LOAD CASE SOLUTIONS = 1.00000e-03

     T O T A L   S O L U T I O N   T I M E = 9.00000e-03

