TITLE : T3_convergence_tension_8x8
        (21:0:15 on May 28, 2026, Thursday)

C O N T R O L   I N F O R M A T I O N

      NUMBER OF NODAL POINTS . . . . . . . . . . (NUMNP)  =    81
      NUMBER OF ELEMENT GROUPS . . . . . . . . . (NUMEG)  =     1
      NUMBER OF LOAD CASES . . . . . . . . . . . (NLCASE) =     1
      SOLUTION MODE  . . . . . . . . . . . . . . (MODEX)  =     1
         EQ.0, DATA CHECK
         EQ.1, EXECUTION

 N O D A L   P O I N T   D A T A

    NODE       BOUNDARY                         NODAL POINT
   NUMBER  CONDITION  CODES                     COORDINATES
        1    1    1    1       0.00000e+00    0.00000e+00    0.00000e+00
        2    0    0    1       1.25000e-01    0.00000e+00    0.00000e+00
        3    0    0    1       2.50000e-01    0.00000e+00    0.00000e+00
        4    0    0    1       3.75000e-01    0.00000e+00    0.00000e+00
        5    0    0    1       5.00000e-01    0.00000e+00    0.00000e+00
        6    0    0    1       6.25000e-01    0.00000e+00    0.00000e+00
        7    0    0    1       7.50000e-01    0.00000e+00    0.00000e+00
        8    0    0    1       8.75000e-01    0.00000e+00    0.00000e+00
        9    0    0    1       1.00000e+00    0.00000e+00    0.00000e+00
       10    1    1    1       0.00000e+00    1.25000e-01    0.00000e+00
       11    0    0    1       1.25000e-01    1.25000e-01    0.00000e+00
       12    0    0    1       2.50000e-01    1.25000e-01    0.00000e+00
       13    0    0    1       3.75000e-01    1.25000e-01    0.00000e+00
       14    0    0    1       5.00000e-01    1.25000e-01    0.00000e+00
       15    0    0    1       6.25000e-01    1.25000e-01    0.00000e+00
       16    0    0    1       7.50000e-01    1.25000e-01    0.00000e+00
       17    0    0    1       8.75000e-01    1.25000e-01    0.00000e+00
       18    0    0    1       1.00000e+00    1.25000e-01    0.00000e+00
       19    1    1    1       0.00000e+00    2.50000e-01    0.00000e+00
       20    0    0    1       1.25000e-01    2.50000e-01    0.00000e+00
       21    0    0    1       2.50000e-01    2.50000e-01    0.00000e+00
       22    0    0    1       3.75000e-01    2.50000e-01    0.00000e+00
       23    0    0    1       5.00000e-01    2.50000e-01    0.00000e+00
       24    0    0    1       6.25000e-01    2.50000e-01    0.00000e+00
       25    0    0    1       7.50000e-01    2.50000e-01    0.00000e+00
       26    0    0    1       8.75000e-01    2.50000e-01    0.00000e+00
       27    0    0    1       1.00000e+00    2.50000e-01    0.00000e+00
       28    1    1    1       0.00000e+00    3.75000e-01    0.00000e+00
       29    0    0    1       1.25000e-01    3.75000e-01    0.00000e+00
       30    0    0    1       2.50000e-01    3.75000e-01    0.00000e+00
       31    0    0    1       3.75000e-01    3.75000e-01    0.00000e+00
       32    0    0    1       5.00000e-01    3.75000e-01    0.00000e+00
       33    0    0    1       6.25000e-01    3.75000e-01    0.00000e+00
       34    0    0    1       7.50000e-01    3.75000e-01    0.00000e+00
       35    0    0    1       8.75000e-01    3.75000e-01    0.00000e+00
       36    0    0    1       1.00000e+00    3.75000e-01    0.00000e+00
       37    1    1    1       0.00000e+00    5.00000e-01    0.00000e+00
       38    0    0    1       1.25000e-01    5.00000e-01    0.00000e+00
       39    0    0    1       2.50000e-01    5.00000e-01    0.00000e+00
       40    0    0    1       3.75000e-01    5.00000e-01    0.00000e+00
       41    0    0    1       5.00000e-01    5.00000e-01    0.00000e+00
       42    0    0    1       6.25000e-01    5.00000e-01    0.00000e+00
       43    0    0    1       7.50000e-01    5.00000e-01    0.00000e+00
       44    0    0    1       8.75000e-01    5.00000e-01    0.00000e+00
       45    0    0    1       1.00000e+00    5.00000e-01    0.00000e+00
       46    1    1    1       0.00000e+00    6.25000e-01    0.00000e+00
       47    0    0    1       1.25000e-01    6.25000e-01    0.00000e+00
       48    0    0    1       2.50000e-01    6.25000e-01    0.00000e+00
       49    0    0    1       3.75000e-01    6.25000e-01    0.00000e+00
       50    0    0    1       5.00000e-01    6.25000e-01    0.00000e+00
       51    0    0    1       6.25000e-01    6.25000e-01    0.00000e+00
       52    0    0    1       7.50000e-01    6.25000e-01    0.00000e+00
       53    0    0    1       8.75000e-01    6.25000e-01    0.00000e+00
       54    0    0    1       1.00000e+00    6.25000e-01    0.00000e+00
       55    1    1    1       0.00000e+00    7.50000e-01    0.00000e+00
       56    0    0    1       1.25000e-01    7.50000e-01    0.00000e+00
       57    0    0    1       2.50000e-01    7.50000e-01    0.00000e+00
       58    0    0    1       3.75000e-01    7.50000e-01    0.00000e+00
       59    0    0    1       5.00000e-01    7.50000e-01    0.00000e+00
       60    0    0    1       6.25000e-01    7.50000e-01    0.00000e+00
       61    0    0    1       7.50000e-01    7.50000e-01    0.00000e+00
       62    0    0    1       8.75000e-01    7.50000e-01    0.00000e+00
       63    0    0    1       1.00000e+00    7.50000e-01    0.00000e+00
       64    1    1    1       0.00000e+00    8.75000e-01    0.00000e+00
       65    0    0    1       1.25000e-01    8.75000e-01    0.00000e+00
       66    0    0    1       2.50000e-01    8.75000e-01    0.00000e+00
       67    0    0    1       3.75000e-01    8.75000e-01    0.00000e+00
       68    0    0    1       5.00000e-01    8.75000e-01    0.00000e+00
       69    0    0    1       6.25000e-01    8.75000e-01    0.00000e+00
       70    0    0    1       7.50000e-01    8.75000e-01    0.00000e+00
       71    0    0    1       8.75000e-01    8.75000e-01    0.00000e+00
       72    0    0    1       1.00000e+00    8.75000e-01    0.00000e+00
       73    1    1    1       0.00000e+00    1.00000e+00    0.00000e+00
       74    0    0    1       1.25000e-01    1.00000e+00    0.00000e+00
       75    0    0    1       2.50000e-01    1.00000e+00    0.00000e+00
       76    0    0    1       3.75000e-01    1.00000e+00    0.00000e+00
       77    0    0    1       5.00000e-01    1.00000e+00    0.00000e+00
       78    0    0    1       6.25000e-01    1.00000e+00    0.00000e+00
       79    0    0    1       7.50000e-01    1.00000e+00    0.00000e+00
       80    0    0    1       8.75000e-01    1.00000e+00    0.00000e+00
       81    0    0    1       1.00000e+00    1.00000e+00    0.00000e+00

 EQUATION NUMBERS

   NODE NUMBER   DEGREES OF FREEDOM
        N           X    Y    Z
        1           0    0    0
        2           1    2    0
        3           3    4    0
        4           5    6    0
        5           7    8    0
        6           9   10    0
        7          11   12    0
        8          13   14    0
        9          15   16    0
       10           0    0    0
       11          17   18    0
       12          19   20    0
       13          21   22    0
       14          23   24    0
       15          25   26    0
       16          27   28    0
       17          29   30    0
       18          31   32    0
       19           0    0    0
       20          33   34    0
       21          35   36    0
       22          37   38    0
       23          39   40    0
       24          41   42    0
       25          43   44    0
       26          45   46    0
       27          47   48    0
       28           0    0    0
       29          49   50    0
       30          51   52    0
       31          53   54    0
       32          55   56    0
       33          57   58    0
       34          59   60    0
       35          61   62    0
       36          63   64    0
       37           0    0    0
       38          65   66    0
       39          67   68    0
       40          69   70    0
       41          71   72    0
       42          73   74    0
       43          75   76    0
       44          77   78    0
       45          79   80    0
       46           0    0    0
       47          81   82    0
       48          83   84    0
       49          85   86    0
       50          87   88    0
       51          89   90    0
       52          91   92    0
       53          93   94    0
       54          95   96    0
       55           0    0    0
       56          97   98    0
       57          99  100    0
       58         101  102    0
       59         103  104    0
       60         105  106    0
       61         107  108    0
       62         109  110    0
       63         111  112    0
       64           0    0    0
       65         113  114    0
       66         115  116    0
       67         117  118    0
       68         119  120    0
       69         121  122    0
       70         123  124    0
       71         125  126    0
       72         127  128    0
       73           0    0    0
       74         129  130    0
       75         131  132    0
       76         133  134    0
       77         135  136    0
       78         137  138    0
       79         139  140    0
       80         141  142    0
       81         143  144    0

 L O A D   C A S E   D A T A

     LOAD CASE NUMBER . . . . . . . =     1
     NUMBER OF CONCENTRATED LOADS . =     9

    NODE       DIRECTION      LOAD
   NUMBER                   MAGNITUDE
      9            1        6.25000e+01
     18            1        1.25000e+02
     27            1        1.25000e+02
     36            1        1.25000e+02
     45            1        1.25000e+02
     54            1        1.25000e+02
     63            1        1.25000e+02
     72            1        1.25000e+02
     81            1        6.25000e+01

 E L E M E N T   G R O U P   D A T A


 E L E M E N T   D E F I N I T I O N

 ELEMENT TYPE  . . . . . . . . . . . . .( NPAR(1) ) . . =    3
     EQ.1, TRUSS ELEMENTS
     EQ.2, ELEMENTS CURRENTLY
     EQ.3, NOT AVAILABLE

 NUMBER OF ELEMENTS. . . . . . . . . . .( NPAR(2) ) . . =  128

 M A T E R I A L   D E F I N I T I O N

 NUMBER OF DIFFERENT SETS OF MATERIAL . . . . . . . . . . . . . . . . . . =    1

  SET       YOUNG'S        POISSON'S       THICKNESS   MODE
 NUMBER     MODULUS          RATIO
               E              NU              T      1=PS 2=PE
    1     2.10000e+05     3.00000e-01     1.00000e+00       1


 E L E M E N T   I N F O R M A T I O N
 ELEMENT     NODE     NODE     NODE       MATERIAL
 NUMBER-N      I        J        K       SET NUMBER
    1          1        2       11           1
    2          1       11       10           1
    3          2        3       12           1
    4          2       12       11           1
    5          3        4       13           1
    6          3       13       12           1
    7          4        5       14           1
    8          4       14       13           1
    9          5        6       15           1
   10          5       15       14           1
   11          6        7       16           1
   12          6       16       15           1
   13          7        8       17           1
   14          7       17       16           1
   15          8        9       18           1
   16          8       18       17           1
   17         10       11       20           1
   18         10       20       19           1
   19         11       12       21           1
   20         11       21       20           1
   21         12       13       22           1
   22         12       22       21           1
   23         13       14       23           1
   24         13       23       22           1
   25         14       15       24           1
   26         14       24       23           1
   27         15       16       25           1
   28         15       25       24           1
   29         16       17       26           1
   30         16       26       25           1
   31         17       18       27           1
   32         17       27       26           1
   33         19       20       29           1
   34         19       29       28           1
   35         20       21       30           1
   36         20       30       29           1
   37         21       22       31           1
   38         21       31       30           1
   39         22       23       32           1
   40         22       32       31           1
   41         23       24       33           1
   42         23       33       32           1
   43         24       25       34           1
   44         24       34       33           1
   45         25       26       35           1
   46         25       35       34           1
   47         26       27       36           1
   48         26       36       35           1
   49         28       29       38           1
   50         28       38       37           1
   51         29       30       39           1
   52         29       39       38           1
   53         30       31       40           1
   54         30       40       39           1
   55         31       32       41           1
   56         31       41       40           1
   57         32       33       42           1
   58         32       42       41           1
   59         33       34       43           1
   60         33       43       42           1
   61         34       35       44           1
   62         34       44       43           1
   63         35       36       45           1
   64         35       45       44           1
   65         37       38       47           1
   66         37       47       46           1
   67         38       39       48           1
   68         38       48       47           1
   69         39       40       49           1
   70         39       49       48           1
   71         40       41       50           1
   72         40       50       49           1
   73         41       42       51           1
   74         41       51       50           1
   75         42       43       52           1
   76         42       52       51           1
   77         43       44       53           1
   78         43       53       52           1
   79         44       45       54           1
   80         44       54       53           1
   81         46       47       56           1
   82         46       56       55           1
   83         47       48       57           1
   84         47       57       56           1
   85         48       49       58           1
   86         48       58       57           1
   87         49       50       59           1
   88         49       59       58           1
   89         50       51       60           1
   90         50       60       59           1
   91         51       52       61           1
   92         51       61       60           1
   93         52       53       62           1
   94         52       62       61           1
   95         53       54       63           1
   96         53       63       62           1
   97         55       56       65           1
   98         55       65       64           1
   99         56       57       66           1
  100         56       66       65           1
  101         57       58       67           1
  102         57       67       66           1
  103         58       59       68           1
  104         58       68       67           1
  105         59       60       69           1
  106         59       69       68           1
  107         60       61       70           1
  108         60       70       69           1
  109         61       62       71           1
  110         61       71       70           1
  111         62       63       72           1
  112         62       72       71           1
  113         64       65       74           1
  114         64       74       73           1
  115         65       66       75           1
  116         65       75       74           1
  117         66       67       76           1
  118         66       76       75           1
  119         67       68       77           1
  120         67       77       76           1
  121         68       69       78           1
  122         68       78       77           1
  123         69       70       79           1
  124         69       79       78           1
  125         70       71       80           1
  126         70       80       79           1
  127         71       72       81           1
  128         71       81       80           1

	TOTAL SYSTEM DATA

     NUMBER OF EQUATIONS . . . . . . . . . . . . . .(NEQ) = 144
     NUMBER OF MATRIX ELEMENTS . . . . . . . . . . .(NWK) = 2516
     MAXIMUM HALF BANDWIDTH  . . . . . . . . . . . .(MK ) = 20
     MEAN HALF BANDWIDTH . . . . . . . . . . . . . .(MM ) = 17


 LOAD CASE    1


 D I S P L A C E M E N T S

  NODE           X-DISPLACEMENT    Y-DISPLACEMENT    Z-DISPLACEMENT
    1               0.00000e+00       0.00000e+00       0.00000e+00
    2               6.89944e-04       3.86626e-04       0.00000e+00
    3               1.27460e-03       5.62300e-04       0.00000e+00
    4               1.83891e-03       6.57188e-04       0.00000e+00
    5               2.40511e-03       7.09281e-04       0.00000e+00
    6               2.97938e-03       7.38592e-04       0.00000e+00
    7               3.56238e-03       7.57409e-04       0.00000e+00
    8               4.15261e-03       7.73789e-04       0.00000e+00
    9               4.74706e-03       7.92750e-04       0.00000e+00
   10               0.00000e+00       0.00000e+00       0.00000e+00
   11               5.66300e-04       2.26152e-04       0.00000e+00
   12               1.17003e-03       3.94195e-04       0.00000e+00
   13               1.76480e-03       4.87287e-04       0.00000e+00
   14               2.35504e-03       5.37147e-04       0.00000e+00
   15               2.94485e-03       5.64128e-04       0.00000e+00
   16               3.53619e-03       5.80786e-04       0.00000e+00
   17               4.12969e-03       5.95293e-04       0.00000e+00
   18               4.72520e-03       6.13397e-04       0.00000e+00
   19               0.00000e+00       0.00000e+00       0.00000e+00
   20               5.37481e-04       1.34446e-04       0.00000e+00
   21               1.11584e-03       2.45662e-04       0.00000e+00
   22               1.71202e-03       3.19720e-04       0.00000e+00
   23               2.31118e-03       3.62350e-04       0.00000e+00
   24               2.90979e-03       3.86194e-04       0.00000e+00
   25               3.50738e-03       4.01053e-04       0.00000e+00
   26               4.10443e-03       4.13855e-04       0.00000e+00
   27               4.70184e-03       4.30207e-04       0.00000e+00
   28               0.00000e+00       0.00000e+00       0.00000e+00
   29               5.28095e-04       6.44988e-05       0.00000e+00
   30               1.09334e-03       1.20708e-04       0.00000e+00
   31               1.68236e-03       1.62631e-04       0.00000e+00
   32               2.28172e-03       1.90234e-04       0.00000e+00
   33               2.88338e-03       2.07526e-04       0.00000e+00
   34               3.48411e-03       2.19310e-04       0.00000e+00
   35               4.08331e-03       2.29601e-04       0.00000e+00
   36               4.68202e-03       2.42113e-04       0.00000e+00
   37               0.00000e+00       0.00000e+00       0.00000e+00
   38               5.25591e-04       1.97800e-06       0.00000e+00
   39               1.08630e-03       6.39999e-06       0.00000e+00
   40               1.67106e-03       1.35525e-05       0.00000e+00
   41               2.26835e-03       2.17069e-05       0.00000e+00
   42               2.86988e-03       2.95878e-05       0.00000e+00
   43               3.47124e-03       3.68769e-05       0.00000e+00
   44               4.07103e-03       4.37720e-05       0.00000e+00
   45               4.67004e-03       5.08056e-05       0.00000e+00
   46               0.00000e+00       0.00000e+00       0.00000e+00
   47               5.27769e-04      -6.11113e-05       0.00000e+00
   48               1.09010e-03      -1.07276e-04       0.00000e+00
   49               1.67451e-03      -1.33997e-04       0.00000e+00
   50               2.27028e-03      -1.45533e-04       0.00000e+00
   51               2.87021e-03      -1.47715e-04       0.00000e+00
   52               3.47038e-03      -1.45373e-04       0.00000e+00
   53               4.06941e-03      -1.42085e-04       0.00000e+00
   54               4.66777e-03      -1.40767e-04       0.00000e+00
   55               0.00000e+00       0.00000e+00       0.00000e+00
   56               5.36469e-04      -1.32507e-04       0.00000e+00
   57               1.10609e-03      -2.28955e-04       0.00000e+00
   58               1.69256e-03      -2.86140e-04       0.00000e+00
   59               2.28645e-03      -3.14464e-04       0.00000e+00
   60               2.88303e-03      -3.25084e-04       0.00000e+00
   61               3.48014e-03      -3.26895e-04       0.00000e+00
   62               4.07708e-03      -3.26546e-04       0.00000e+00
   63               4.67404e-03      -3.29596e-04       0.00000e+00
   64               0.00000e+00       0.00000e+00       0.00000e+00
   65               5.60249e-04      -2.23325e-04       0.00000e+00
   66               1.14209e-03      -3.66610e-04       0.00000e+00
   67               1.72816e-03      -4.46939e-04       0.00000e+00
   68               2.31555e-03      -4.86556e-04       0.00000e+00
   69               2.90466e-03      -5.02558e-04       0.00000e+00
   70               3.49596e-03      -5.07042e-04       0.00000e+00
   71               4.08942e-03      -5.08583e-04       0.00000e+00
   72               4.68465e-03      -5.13735e-04       0.00000e+00
   73               0.00000e+00       0.00000e+00       0.00000e+00
   74               6.34126e-04      -3.51072e-04       0.00000e+00
   75               1.21962e-03      -5.23940e-04       0.00000e+00
   76               1.78620e-03      -6.15132e-04       0.00000e+00
   77               2.35290e-03      -6.59852e-04       0.00000e+00
   78               2.92680e-03      -6.78758e-04       0.00000e+00
   79               3.50923e-03      -6.85123e-04       0.00000e+00
   80               4.09898e-03      -6.87908e-04       0.00000e+00
   81               4.69324e-03      -6.93644e-04       0.00000e+00

 S T R E S S  C A L C U L A T I O N S  F O R  E L E M E N T  G R O U P    1

  ELEMENT          SIGMA-X           SIGMA-Y            TAU-XY
  NUMBER
    1       1.18487e+03       8.58626e+01       1.69927e+02
    2       1.04548e+03       3.13643e+02       1.46129e+02
    3       9.86251e+02       1.34587e+01       4.59489e+01
    4       1.02571e+03       3.81150e+01       2.86880e+01
    5       9.47713e+02      -1.11909e+00       1.34272e+01
    6       1.00493e+03       1.90629e+01      -7.41129e+00
    7       9.49954e+02      -4.19833e+00       1.30819e+00
    8       9.95571e+02       1.32381e+01      -1.56677e+01
    9       9.63564e+02      -4.03002e+00      -3.37163e+00
   10       9.93542e+02       8.87814e+00      -1.49180e+01
   11       9.78483e+02      -3.18202e+00      -4.76442e+00
   12       9.95073e+02       5.42281e+00      -1.15477e+01
   13       9.90797e+02      -2.63457e+00      -4.22115e+00
   14       9.97885e+02       2.63875e+00      -7.54940e+00
   15       9.98125e+02      -1.87487e+00      -1.87487e+00
   16       1.00054e+03       2.88287e-01      -3.10729e+00
   17       9.94685e+02       1.44340e+02       1.27508e+02
   18       9.92273e+02       2.97682e+02       8.68730e+01
   19       1.03232e+03       6.01604e+01       7.35659e+01
   20       1.01695e+03       1.51020e+02       5.32411e+01
   21       1.00523e+03       2.00565e+01       2.60487e+01
   22       1.01838e+03       5.59778e+01       1.28376e+01
   23       9.92859e+02       4.19882e+00       3.87938e+00
   24       1.01334e+03       2.24884e+01      -6.55773e+00
   25       9.90329e+02      -1.83038e+00      -5.22137e+00
   26       1.00830e+03       8.83203e+00      -1.29310e+01
   27       9.92155e+02      -4.30496e+00      -7.84946e+00
   28       1.00470e+03       2.48093e+00      -1.30542e+01
   29       9.95219e+02      -6.25022e+00      -6.94770e+00
   30       1.00271e+03      -1.13834e+00      -1.03409e+01
   31       9.97940e+02      -8.37779e+00      -3.39562e+00
   32       1.00242e+03      -4.09025e+00      -5.75583e+00
   33       9.53532e+02       1.68548e+02       8.08080e+01
   34       9.74944e+02       2.92483e+02       4.16762e+01
   35       9.98538e+02       8.96390e+01       5.73252e+01
   36       1.00480e+03       1.83927e+02       3.02547e+01
   37       1.01364e+03       4.01816e+01       2.86869e+01
   38       1.01821e+03       9.55409e+01       1.25517e+01
   39       1.01082e+03       1.40901e+01       8.50567e+00
   40       1.01950e+03       4.19398e+01      -1.33028e+00
   41       1.00616e+03       1.68467e+00      -1.65620e+00
   42       1.01544e+03       1.54759e+01      -7.86692e+00
   43       1.00259e+03      -4.55173e+00      -5.43217e+00
   44       1.01009e+03       2.86495e+00      -9.44883e+00
   45       1.00021e+03      -9.48447e+00      -5.37513e+00
   46       1.00556e+03      -3.66189e+00      -8.38329e+00
   47       9.98732e+02      -1.63784e+01      -2.24479e+00
   48       1.00325e+03      -8.57138e+00      -5.56297e+00
   49       9.40317e+02       1.77060e+02       4.00583e+01
   50       9.70321e+02       2.91096e+02       1.27809e+00
   51       9.80229e+02       1.02031e+02       3.17699e+01
   52       1.00053e+03       1.95125e+02       1.23940e+00
   53       1.00485e+03       5.10030e+01       1.97862e+01
   54       1.01624e+03       1.12835e+02       7.17777e-02
   55       1.01317e+03       2.08232e+01       9.20027e+00
   56       1.02013e+03       5.55863e+01      -2.03357e+00
   57       1.01221e+03       4.72738e+00       2.45205e+00
   58       1.01718e+03       2.20277e+01      -3.54350e+00
   59       1.00801e+03      -4.08484e+00      -7.03036e-01
   60       1.01165e+03       4.55923e+00      -4.01101e+00
   61       1.00329e+03      -1.12053e+01      -1.28780e+00
   62       1.00626e+03      -4.60955e+00      -3.86191e+00
   63       9.99343e+02      -2.15929e+01       3.48441e-01
   64       1.00295e+03      -1.13071e+01      -3.39299e+00
   65       9.35380e+02       1.74624e+02       2.68583e+00
   66       9.74344e+02       2.92303e+02      -3.94873e+01
   67       9.72201e+02       1.00684e+02       5.31252e+00
   68       1.00321e+03       1.94973e+02      -2.84220e+01
   69       9.97832e+02       5.14663e+01       6.85314e+00
   70       1.01595e+03       1.13810e+02      -1.48104e+01
   71       1.01007e+03       2.20573e+01       6.51620e+00
   72       1.01816e+03       5.75654e+01      -5.22263e+00
   73       1.01232e+03       5.82648e+00       5.30333e+00
   74       1.01493e+03       2.35164e+01      -1.62824e-01
   75       1.00926e+03      -3.40169e+00       4.15565e+00
   76       1.00982e+03       5.07532e+00       1.72438e+00
   77       1.00436e+03      -1.09303e+01       3.40848e+00
   78       1.00495e+03      -4.69463e+00       1.57082e+00
   79       9.99774e+02      -2.19096e+01       3.07631e+00
   80       1.00173e+03      -1.17188e+01      -1.95305e-01
   81       9.34801e+02       1.60496e+02      -3.38662e+01
   82       9.90404e+02       2.97121e+02      -8.56199e+01
   83       9.70762e+02       8.68090e+01      -1.95025e+01
   84       1.01206e+03       1.83672e+02      -5.66990e+01
   85       9.94649e+02       4.27945e+01      -5.60730e+00
   86       1.01532e+03       1.00178e+02      -2.66232e+01
   87       1.00632e+03       1.80929e+01       2.99402e+00
   88       1.01216e+03       4.80480e+01      -6.64313e+00
   89       1.00932e+03       4.81839e+00       6.87408e+00
   90       1.00781e+03       1.85409e+01       3.58603e+00
   91       1.00748e+03      -2.71181e+00       7.81454e+00
   92       1.00411e+03       3.25575e+00       7.11393e+00
   93       1.00373e+03      -8.77605e+00       7.08340e+00
   94       1.00152e+03      -4.49982e+00       6.52670e+00
   95       1.00009e+03      -1.72057e+01       4.89926e+00
   96       9.99906e+02      -9.92285e+00       2.98773e+00
   97       9.40105e+02       1.29457e+02      -7.02544e+01
   98       1.03431e+03       3.10292e+02      -1.44302e+02
   99       9.75360e+02       6.13474e+01      -3.90532e+01
  100       1.02388e+03       1.54589e+02      -7.72186e+01
  101       9.93658e+02       2.79545e+01      -1.39464e+01
  102       1.00572e+03       7.04569e+01      -2.86382e+01
  103       1.00111e+03       1.12192e+01       4.98168e-01
  104       9.95354e+02       2.84633e+01      -2.59423e+00
  105       1.00308e+03       2.76680e+00       7.11380e+00
  106       9.92281e+02       8.56982e+00       8.45935e+00
  107       1.00258e+03      -1.87414e+00       9.05184e+00
  108       9.93330e+02      -1.58597e-01       1.10791e+01
  109       1.00123e+03      -5.45302e+00       8.19491e+00
  110       9.95845e+02      -3.89332e+00       9.22584e+00
  111       1.00008e+03      -9.32944e+00       4.88848e+00
  112       9.98076e+02      -6.40049e+00       4.64055e+00
  113       9.63553e+02       7.44499e+01      -9.65658e+01
  114       1.17070e+03       3.51209e+02      -2.26847e+02
  115       9.87038e+02       3.17960e+01      -4.24874e+01
  116       1.01017e+03       8.84340e+01      -6.39629e+01
  117       9.88812e+02       1.40805e+01      -1.43997e+01
  118       9.58852e+02       2.33402e+01      -8.82671e+00
  119       9.88432e+02       5.39213e+00      -1.46189e+00
  120       9.53062e+02       3.35551e+00       8.60929e+00
  121       9.90005e+02       9.85487e-01       3.96315e+00
  122       9.63520e+02      -2.08172e+00       1.19197e+01
  123       9.92994e+02      -1.27770e+00       5.67996e+00
  124       9.77674e+02      -2.71388e+00       1.01913e+01
  125       9.96300e+02      -2.37550e+00       5.18021e+00
  126       9.90131e+02      -2.13672e+00       6.77689e+00
  127       9.99255e+02      -2.47021e+00       2.21867e+00
  128       9.97781e+02      -1.93118e+00       2.47021e+00


 S O L U T I O N   T I M E   L O G   I N   S E C 

     TIME FOR INPUT PHASE = 1.90000e-02
     TIME FOR CALCULATION OF STIFFNESS MATRIX = 0.00000e+00
     TIME FOR FACTORIZATION AND LOAD CASE SOLUTIONS = 5.00000e-03

     T O T A L   S O L U T I O N   T I M E = 2.40000e-02

