TITLE : T3_convergence_tension_4x4
        (21:0:15 on May 28, 2026, Thursday)

C O N T R O L   I N F O R M A T I O N

      NUMBER OF NODAL POINTS . . . . . . . . . . (NUMNP)  =    25
      NUMBER OF ELEMENT GROUPS . . . . . . . . . (NUMEG)  =     1
      NUMBER OF LOAD CASES . . . . . . . . . . . (NLCASE) =     1
      SOLUTION MODE  . . . . . . . . . . . . . . (MODEX)  =     1
         EQ.0, DATA CHECK
         EQ.1, EXECUTION

 N O D A L   P O I N T   D A T A

    NODE       BOUNDARY                         NODAL POINT
   NUMBER  CONDITION  CODES                     COORDINATES
        1    1    1    1       0.00000e+00    0.00000e+00    0.00000e+00
        2    0    0    1       2.50000e-01    0.00000e+00    0.00000e+00
        3    0    0    1       5.00000e-01    0.00000e+00    0.00000e+00
        4    0    0    1       7.50000e-01    0.00000e+00    0.00000e+00
        5    0    0    1       1.00000e+00    0.00000e+00    0.00000e+00
        6    1    1    1       0.00000e+00    2.50000e-01    0.00000e+00
        7    0    0    1       2.50000e-01    2.50000e-01    0.00000e+00
        8    0    0    1       5.00000e-01    2.50000e-01    0.00000e+00
        9    0    0    1       7.50000e-01    2.50000e-01    0.00000e+00
       10    0    0    1       1.00000e+00    2.50000e-01    0.00000e+00
       11    1    1    1       0.00000e+00    5.00000e-01    0.00000e+00
       12    0    0    1       2.50000e-01    5.00000e-01    0.00000e+00
       13    0    0    1       5.00000e-01    5.00000e-01    0.00000e+00
       14    0    0    1       7.50000e-01    5.00000e-01    0.00000e+00
       15    0    0    1       1.00000e+00    5.00000e-01    0.00000e+00
       16    1    1    1       0.00000e+00    7.50000e-01    0.00000e+00
       17    0    0    1       2.50000e-01    7.50000e-01    0.00000e+00
       18    0    0    1       5.00000e-01    7.50000e-01    0.00000e+00
       19    0    0    1       7.50000e-01    7.50000e-01    0.00000e+00
       20    0    0    1       1.00000e+00    7.50000e-01    0.00000e+00
       21    1    1    1       0.00000e+00    1.00000e+00    0.00000e+00
       22    0    0    1       2.50000e-01    1.00000e+00    0.00000e+00
       23    0    0    1       5.00000e-01    1.00000e+00    0.00000e+00
       24    0    0    1       7.50000e-01    1.00000e+00    0.00000e+00
       25    0    0    1       1.00000e+00    1.00000e+00    0.00000e+00

 EQUATION NUMBERS

   NODE NUMBER   DEGREES OF FREEDOM
        N           X    Y    Z
        1           0    0    0
        2           1    2    0
        3           3    4    0
        4           5    6    0
        5           7    8    0
        6           0    0    0
        7           9   10    0
        8          11   12    0
        9          13   14    0
       10          15   16    0
       11           0    0    0
       12          17   18    0
       13          19   20    0
       14          21   22    0
       15          23   24    0
       16           0    0    0
       17          25   26    0
       18          27   28    0
       19          29   30    0
       20          31   32    0
       21           0    0    0
       22          33   34    0
       23          35   36    0
       24          37   38    0
       25          39   40    0

 L O A D   C A S E   D A T A

     LOAD CASE NUMBER . . . . . . . =     1
     NUMBER OF CONCENTRATED LOADS . =     5

    NODE       DIRECTION      LOAD
   NUMBER                   MAGNITUDE
      5            1        1.25000e+02
     10            1        2.50000e+02
     15            1        2.50000e+02
     20            1        2.50000e+02
     25            1        1.25000e+02

 E L E M E N T   G R O U P   D A T A


 E L E M E N T   D E F I N I T I O N

 ELEMENT TYPE  . . . . . . . . . . . . .( NPAR(1) ) . . =    3
     EQ.1, TRUSS ELEMENTS
     EQ.2, ELEMENTS CURRENTLY
     EQ.3, NOT AVAILABLE

 NUMBER OF ELEMENTS. . . . . . . . . . .( NPAR(2) ) . . =   32

 M A T E R I A L   D E F I N I T I O N

 NUMBER OF DIFFERENT SETS OF MATERIAL . . . . . . . . . . . . . . . . . . =    1

  SET       YOUNG'S        POISSON'S       THICKNESS   MODE
 NUMBER     MODULUS          RATIO
               E              NU              T      1=PS 2=PE
    1     2.10000e+05     3.00000e-01     1.00000e+00       1


 E L E M E N T   I N F O R M A T I O N
 ELEMENT     NODE     NODE     NODE       MATERIAL
 NUMBER-N      I        J        K       SET NUMBER
    1          1        2        7           1
    2          1        7        6           1
    3          2        3        8           1
    4          2        8        7           1
    5          3        4        9           1
    6          3        9        8           1
    7          4        5       10           1
    8          4       10        9           1
    9          6        7       12           1
   10          6       12       11           1
   11          7        8       13           1
   12          7       13       12           1
   13          8        9       14           1
   14          8       14       13           1
   15          9       10       15           1
   16          9       15       14           1
   17         11       12       17           1
   18         11       17       16           1
   19         12       13       18           1
   20         12       18       17           1
   21         13       14       19           1
   22         13       19       18           1
   23         14       15       20           1
   24         14       20       19           1
   25         16       17       22           1
   26         16       22       21           1
   27         17       18       23           1
   28         17       23       22           1
   29         18       19       24           1
   30         18       24       23           1
   31         19       20       25           1
   32         19       25       24           1

	TOTAL SYSTEM DATA

     NUMBER OF EQUATIONS . . . . . . . . . . . . . .(NEQ) = 40
     NUMBER OF MATRIX ELEMENTS . . . . . . . . . . .(NWK) = 376
     MAXIMUM HALF BANDWIDTH  . . . . . . . . . . . .(MK ) = 12
     MEAN HALF BANDWIDTH . . . . . . . . . . . . . .(MM ) = 9


 LOAD CASE    1


 D I S P L A C E M E N T S

  NODE           X-DISPLACEMENT    Y-DISPLACEMENT    Z-DISPLACEMENT
    1               0.00000e+00       0.00000e+00       0.00000e+00
    2               1.27926e-03       5.45436e-04       0.00000e+00
    3               2.44169e-03       7.22594e-04       0.00000e+00
    4               3.60858e-03       8.07500e-04       0.00000e+00
    5               4.79445e-03       8.77139e-04       0.00000e+00
    6               0.00000e+00       0.00000e+00       0.00000e+00
    7               1.11158e-03       2.30765e-04       0.00000e+00
    8               2.31360e-03       3.79141e-04       0.00000e+00
    9               3.51187e-03       4.54020e-04       0.00000e+00
   10               4.70770e-03       5.15391e-04       0.00000e+00
   11               0.00000e+00       0.00000e+00       0.00000e+00
   12               1.07924e-03       9.60865e-06       0.00000e+00
   13               2.24993e-03       4.86315e-05       0.00000e+00
   14               3.44794e-03       9.44534e-05       0.00000e+00
   15               4.64566e-03       1.38051e-04       0.00000e+00
   16               0.00000e+00       0.00000e+00       0.00000e+00
   17               1.08505e-03      -2.07878e-04       0.00000e+00
   18               2.24511e-03      -2.70160e-04       0.00000e+00
   19               3.43107e-03      -2.62424e-04       0.00000e+00
   20               4.62318e-03      -2.39582e-04       0.00000e+00
   21               0.00000e+00       0.00000e+00       0.00000e+00
   22               1.14091e-03      -4.72084e-04       0.00000e+00
   23               2.28212e-03      -6.01555e-04       0.00000e+00
   24               3.44208e-03      -6.17262e-04       0.00000e+00
   25               4.62369e-03      -6.05266e-04       0.00000e+00

 S T R E S S  C A L C U L A T I O N S  F O R  E L E M E N T  G R O U P    1

  ELEMENT          SIGMA-X           SIGMA-Y            TAU-XY
  NUMBER
    1       1.09371e+03       6.37907e+01       1.22045e+02
    2       1.02607e+03       3.07822e+02       7.45550e+01
    3       9.77904e+02       4.87092e+00       1.58529e+01
    4       1.02242e+03       4.24017e+01      -6.23582e+00
    5       9.79243e+02      -3.15072e+00      -3.81341e+00
    6       1.01099e+03       1.47954e+01      -1.71913e+01
    7       9.94473e+02      -5.52695e+00      -5.52695e+00
    8       1.00596e+03       4.86425e+00      -1.14170e+01
    9       9.64831e+02       1.03678e+02       6.41071e+01
   10       9.96223e+02       2.98867e+02       3.10433e+00
   11       1.01803e+03       2.77811e+01       2.73666e+01
   12       1.01939e+03       1.20046e+02       2.15946e+00
   13       1.00652e+03      -7.85953e-02       3.53686e+00
   14       1.01433e+03       2.66704e+01      -5.76617e+00
   15       9.99352e+02      -1.71597e+01      -2.15755e-01
   16       1.00602e+03      -2.29521e-01      -6.56923e+00
   17       9.35996e+02       9.81103e+01       4.98218e+00
   18       1.00159e+03       3.00477e+02      -6.71605e+01
   19       9.92355e+02       2.99215e+01       1.10504e+01
   20       1.01060e+03       1.20490e+02      -1.82442e+01
   21       1.00703e+03       2.33093e+00       9.35495e+00
   22       1.00645e+03       3.41510e+01       9.42353e-01
   23       1.00102e+03      -1.69071e+01       6.82185e+00
   24       1.00158e+03       6.97107e-01       1.93054e+00
   25       9.28424e+02       5.65940e+01      -4.91139e+01
   26       1.05315e+03       3.15945e+02      -1.52519e+02
   27       9.79051e+02       1.53442e+01      -8.16680e+00
   28       9.80254e+02       7.21429e+01      -2.37825e+01
   29       9.96472e+02       8.78056e-01       6.05599e+00
   30       9.78967e+02       1.53190e+01       6.88070e+00
   31       9.99142e+02      -7.43194e+00       7.54461e+00
   32       9.92455e+02      -3.26821e-01       7.43194e+00


 S O L U T I O N   T I M E   L O G   I N   S E C 

     TIME FOR INPUT PHASE = 1.30000e-02
     TIME FOR CALCULATION OF STIFFNESS MATRIX = 0.00000e+00
     TIME FOR FACTORIZATION AND LOAD CASE SOLUTIONS = 1.00000e-03

     T O T A L   S O L U T I O N   T I M E = 1.40000e-02

