TITLE : T3_convergence_shear_8x8
        (21:0:15 on May 28, 2026, Thursday)

C O N T R O L   I N F O R M A T I O N

      NUMBER OF NODAL POINTS . . . . . . . . . . (NUMNP)  =    81
      NUMBER OF ELEMENT GROUPS . . . . . . . . . (NUMEG)  =     1
      NUMBER OF LOAD CASES . . . . . . . . . . . (NLCASE) =     1
      SOLUTION MODE  . . . . . . . . . . . . . . (MODEX)  =     1
         EQ.0, DATA CHECK
         EQ.1, EXECUTION

 N O D A L   P O I N T   D A T A

    NODE       BOUNDARY                         NODAL POINT
   NUMBER  CONDITION  CODES                     COORDINATES
        1    1    1    1       0.00000e+00    0.00000e+00    0.00000e+00
        2    0    0    1       1.25000e-01    0.00000e+00    0.00000e+00
        3    0    0    1       2.50000e-01    0.00000e+00    0.00000e+00
        4    0    0    1       3.75000e-01    0.00000e+00    0.00000e+00
        5    0    0    1       5.00000e-01    0.00000e+00    0.00000e+00
        6    0    0    1       6.25000e-01    0.00000e+00    0.00000e+00
        7    0    0    1       7.50000e-01    0.00000e+00    0.00000e+00
        8    0    0    1       8.75000e-01    0.00000e+00    0.00000e+00
        9    0    0    1       1.00000e+00    0.00000e+00    0.00000e+00
       10    1    1    1       0.00000e+00    1.25000e-01    0.00000e+00
       11    0    0    1       1.25000e-01    1.25000e-01    0.00000e+00
       12    0    0    1       2.50000e-01    1.25000e-01    0.00000e+00
       13    0    0    1       3.75000e-01    1.25000e-01    0.00000e+00
       14    0    0    1       5.00000e-01    1.25000e-01    0.00000e+00
       15    0    0    1       6.25000e-01    1.25000e-01    0.00000e+00
       16    0    0    1       7.50000e-01    1.25000e-01    0.00000e+00
       17    0    0    1       8.75000e-01    1.25000e-01    0.00000e+00
       18    0    0    1       1.00000e+00    1.25000e-01    0.00000e+00
       19    1    1    1       0.00000e+00    2.50000e-01    0.00000e+00
       20    0    0    1       1.25000e-01    2.50000e-01    0.00000e+00
       21    0    0    1       2.50000e-01    2.50000e-01    0.00000e+00
       22    0    0    1       3.75000e-01    2.50000e-01    0.00000e+00
       23    0    0    1       5.00000e-01    2.50000e-01    0.00000e+00
       24    0    0    1       6.25000e-01    2.50000e-01    0.00000e+00
       25    0    0    1       7.50000e-01    2.50000e-01    0.00000e+00
       26    0    0    1       8.75000e-01    2.50000e-01    0.00000e+00
       27    0    0    1       1.00000e+00    2.50000e-01    0.00000e+00
       28    1    1    1       0.00000e+00    3.75000e-01    0.00000e+00
       29    0    0    1       1.25000e-01    3.75000e-01    0.00000e+00
       30    0    0    1       2.50000e-01    3.75000e-01    0.00000e+00
       31    0    0    1       3.75000e-01    3.75000e-01    0.00000e+00
       32    0    0    1       5.00000e-01    3.75000e-01    0.00000e+00
       33    0    0    1       6.25000e-01    3.75000e-01    0.00000e+00
       34    0    0    1       7.50000e-01    3.75000e-01    0.00000e+00
       35    0    0    1       8.75000e-01    3.75000e-01    0.00000e+00
       36    0    0    1       1.00000e+00    3.75000e-01    0.00000e+00
       37    1    1    1       0.00000e+00    5.00000e-01    0.00000e+00
       38    0    0    1       1.25000e-01    5.00000e-01    0.00000e+00
       39    0    0    1       2.50000e-01    5.00000e-01    0.00000e+00
       40    0    0    1       3.75000e-01    5.00000e-01    0.00000e+00
       41    0    0    1       5.00000e-01    5.00000e-01    0.00000e+00
       42    0    0    1       6.25000e-01    5.00000e-01    0.00000e+00
       43    0    0    1       7.50000e-01    5.00000e-01    0.00000e+00
       44    0    0    1       8.75000e-01    5.00000e-01    0.00000e+00
       45    0    0    1       1.00000e+00    5.00000e-01    0.00000e+00
       46    1    1    1       0.00000e+00    6.25000e-01    0.00000e+00
       47    0    0    1       1.25000e-01    6.25000e-01    0.00000e+00
       48    0    0    1       2.50000e-01    6.25000e-01    0.00000e+00
       49    0    0    1       3.75000e-01    6.25000e-01    0.00000e+00
       50    0    0    1       5.00000e-01    6.25000e-01    0.00000e+00
       51    0    0    1       6.25000e-01    6.25000e-01    0.00000e+00
       52    0    0    1       7.50000e-01    6.25000e-01    0.00000e+00
       53    0    0    1       8.75000e-01    6.25000e-01    0.00000e+00
       54    0    0    1       1.00000e+00    6.25000e-01    0.00000e+00
       55    1    1    1       0.00000e+00    7.50000e-01    0.00000e+00
       56    0    0    1       1.25000e-01    7.50000e-01    0.00000e+00
       57    0    0    1       2.50000e-01    7.50000e-01    0.00000e+00
       58    0    0    1       3.75000e-01    7.50000e-01    0.00000e+00
       59    0    0    1       5.00000e-01    7.50000e-01    0.00000e+00
       60    0    0    1       6.25000e-01    7.50000e-01    0.00000e+00
       61    0    0    1       7.50000e-01    7.50000e-01    0.00000e+00
       62    0    0    1       8.75000e-01    7.50000e-01    0.00000e+00
       63    0    0    1       1.00000e+00    7.50000e-01    0.00000e+00
       64    1    1    1       0.00000e+00    8.75000e-01    0.00000e+00
       65    0    0    1       1.25000e-01    8.75000e-01    0.00000e+00
       66    0    0    1       2.50000e-01    8.75000e-01    0.00000e+00
       67    0    0    1       3.75000e-01    8.75000e-01    0.00000e+00
       68    0    0    1       5.00000e-01    8.75000e-01    0.00000e+00
       69    0    0    1       6.25000e-01    8.75000e-01    0.00000e+00
       70    0    0    1       7.50000e-01    8.75000e-01    0.00000e+00
       71    0    0    1       8.75000e-01    8.75000e-01    0.00000e+00
       72    0    0    1       1.00000e+00    8.75000e-01    0.00000e+00
       73    1    1    1       0.00000e+00    1.00000e+00    0.00000e+00
       74    0    0    1       1.25000e-01    1.00000e+00    0.00000e+00
       75    0    0    1       2.50000e-01    1.00000e+00    0.00000e+00
       76    0    0    1       3.75000e-01    1.00000e+00    0.00000e+00
       77    0    0    1       5.00000e-01    1.00000e+00    0.00000e+00
       78    0    0    1       6.25000e-01    1.00000e+00    0.00000e+00
       79    0    0    1       7.50000e-01    1.00000e+00    0.00000e+00
       80    0    0    1       8.75000e-01    1.00000e+00    0.00000e+00
       81    0    0    1       1.00000e+00    1.00000e+00    0.00000e+00

 EQUATION NUMBERS

   NODE NUMBER   DEGREES OF FREEDOM
        N           X    Y    Z
        1           0    0    0
        2           1    2    0
        3           3    4    0
        4           5    6    0
        5           7    8    0
        6           9   10    0
        7          11   12    0
        8          13   14    0
        9          15   16    0
       10           0    0    0
       11          17   18    0
       12          19   20    0
       13          21   22    0
       14          23   24    0
       15          25   26    0
       16          27   28    0
       17          29   30    0
       18          31   32    0
       19           0    0    0
       20          33   34    0
       21          35   36    0
       22          37   38    0
       23          39   40    0
       24          41   42    0
       25          43   44    0
       26          45   46    0
       27          47   48    0
       28           0    0    0
       29          49   50    0
       30          51   52    0
       31          53   54    0
       32          55   56    0
       33          57   58    0
       34          59   60    0
       35          61   62    0
       36          63   64    0
       37           0    0    0
       38          65   66    0
       39          67   68    0
       40          69   70    0
       41          71   72    0
       42          73   74    0
       43          75   76    0
       44          77   78    0
       45          79   80    0
       46           0    0    0
       47          81   82    0
       48          83   84    0
       49          85   86    0
       50          87   88    0
       51          89   90    0
       52          91   92    0
       53          93   94    0
       54          95   96    0
       55           0    0    0
       56          97   98    0
       57          99  100    0
       58         101  102    0
       59         103  104    0
       60         105  106    0
       61         107  108    0
       62         109  110    0
       63         111  112    0
       64           0    0    0
       65         113  114    0
       66         115  116    0
       67         117  118    0
       68         119  120    0
       69         121  122    0
       70         123  124    0
       71         125  126    0
       72         127  128    0
       73           0    0    0
       74         129  130    0
       75         131  132    0
       76         133  134    0
       77         135  136    0
       78         137  138    0
       79         139  140    0
       80         141  142    0
       81         143  144    0

 L O A D   C A S E   D A T A

     LOAD CASE NUMBER . . . . . . . =     1
     NUMBER OF CONCENTRATED LOADS . =     9

    NODE       DIRECTION      LOAD
   NUMBER                   MAGNITUDE
      9            2        3.12500e+01
     18            2        6.25000e+01
     27            2        6.25000e+01
     36            2        6.25000e+01
     45            2        6.25000e+01
     54            2        6.25000e+01
     63            2        6.25000e+01
     72            2        6.25000e+01
     81            2        3.12500e+01

 E L E M E N T   G R O U P   D A T A


 E L E M E N T   D E F I N I T I O N

 ELEMENT TYPE  . . . . . . . . . . . . .( NPAR(1) ) . . =    3
     EQ.1, TRUSS ELEMENTS
     EQ.2, ELEMENTS CURRENTLY
     EQ.3, NOT AVAILABLE

 NUMBER OF ELEMENTS. . . . . . . . . . .( NPAR(2) ) . . =  128

 M A T E R I A L   D E F I N I T I O N

 NUMBER OF DIFFERENT SETS OF MATERIAL . . . . . . . . . . . . . . . . . . =    1

  SET       YOUNG'S        POISSON'S       THICKNESS   MODE
 NUMBER     MODULUS          RATIO
               E              NU              T      1=PS 2=PE
    1     2.10000e+05     3.00000e-01     1.00000e+00       1


 E L E M E N T   I N F O R M A T I O N
 ELEMENT     NODE     NODE     NODE       MATERIAL
 NUMBER-N      I        J        K       SET NUMBER
    1          1        2       11           1
    2          1       11       10           1
    3          2        3       12           1
    4          2       12       11           1
    5          3        4       13           1
    6          3       13       12           1
    7          4        5       14           1
    8          4       14       13           1
    9          5        6       15           1
   10          5       15       14           1
   11          6        7       16           1
   12          6       16       15           1
   13          7        8       17           1
   14          7       17       16           1
   15          8        9       18           1
   16          8       18       17           1
   17         10       11       20           1
   18         10       20       19           1
   19         11       12       21           1
   20         11       21       20           1
   21         12       13       22           1
   22         12       22       21           1
   23         13       14       23           1
   24         13       23       22           1
   25         14       15       24           1
   26         14       24       23           1
   27         15       16       25           1
   28         15       25       24           1
   29         16       17       26           1
   30         16       26       25           1
   31         17       18       27           1
   32         17       27       26           1
   33         19       20       29           1
   34         19       29       28           1
   35         20       21       30           1
   36         20       30       29           1
   37         21       22       31           1
   38         21       31       30           1
   39         22       23       32           1
   40         22       32       31           1
   41         23       24       33           1
   42         23       33       32           1
   43         24       25       34           1
   44         24       34       33           1
   45         25       26       35           1
   46         25       35       34           1
   47         26       27       36           1
   48         26       36       35           1
   49         28       29       38           1
   50         28       38       37           1
   51         29       30       39           1
   52         29       39       38           1
   53         30       31       40           1
   54         30       40       39           1
   55         31       32       41           1
   56         31       41       40           1
   57         32       33       42           1
   58         32       42       41           1
   59         33       34       43           1
   60         33       43       42           1
   61         34       35       44           1
   62         34       44       43           1
   63         35       36       45           1
   64         35       45       44           1
   65         37       38       47           1
   66         37       47       46           1
   67         38       39       48           1
   68         38       48       47           1
   69         39       40       49           1
   70         39       49       48           1
   71         40       41       50           1
   72         40       50       49           1
   73         41       42       51           1
   74         41       51       50           1
   75         42       43       52           1
   76         42       52       51           1
   77         43       44       53           1
   78         43       53       52           1
   79         44       45       54           1
   80         44       54       53           1
   81         46       47       56           1
   82         46       56       55           1
   83         47       48       57           1
   84         47       57       56           1
   85         48       49       58           1
   86         48       58       57           1
   87         49       50       59           1
   88         49       59       58           1
   89         50       51       60           1
   90         50       60       59           1
   91         51       52       61           1
   92         51       61       60           1
   93         52       53       62           1
   94         52       62       61           1
   95         53       54       63           1
   96         53       63       62           1
   97         55       56       65           1
   98         55       65       64           1
   99         56       57       66           1
  100         56       66       65           1
  101         57       58       67           1
  102         57       67       66           1
  103         58       59       68           1
  104         58       68       67           1
  105         59       60       69           1
  106         59       69       68           1
  107         60       61       70           1
  108         60       70       69           1
  109         61       62       71           1
  110         61       71       70           1
  111         62       63       72           1
  112         62       72       71           1
  113         64       65       74           1
  114         64       74       73           1
  115         65       66       75           1
  116         65       75       74           1
  117         66       67       76           1
  118         66       76       75           1
  119         67       68       77           1
  120         67       77       76           1
  121         68       69       78           1
  122         68       78       77           1
  123         69       70       79           1
  124         69       79       78           1
  125         70       71       80           1
  126         70       80       79           1
  127         71       72       81           1
  128         71       81       80           1

	TOTAL SYSTEM DATA

     NUMBER OF EQUATIONS . . . . . . . . . . . . . .(NEQ) = 144
     NUMBER OF MATRIX ELEMENTS . . . . . . . . . . .(NWK) = 2516
     MAXIMUM HALF BANDWIDTH  . . . . . . . . . . . .(MK ) = 20
     MEAN HALF BANDWIDTH . . . . . . . . . . . . . .(MM ) = 17


 LOAD CASE    1


 D I S P L A C E M E N T S

  NODE           X-DISPLACEMENT    Y-DISPLACEMENT    Z-DISPLACEMENT
    1               0.00000e+00       0.00000e+00       0.00000e+00
    2               1.87050e-03       1.41364e-03       0.00000e+00
    3               3.30688e-03       2.87098e-03       0.00000e+00
    4               4.48264e-03       4.57271e-03       0.00000e+00
    5               5.43995e-03       6.51232e-03       0.00000e+00
    6               6.19547e-03       8.65914e-03       0.00000e+00
    7               6.76122e-03       1.09883e-02       0.00000e+00
    8               7.14780e-03       1.35085e-02       0.00000e+00
    9               7.34695e-03       1.63122e-02       0.00000e+00
   10               0.00000e+00       0.00000e+00       0.00000e+00
   11               1.02387e-03       1.04353e-03       0.00000e+00
   12               2.04927e-03       2.53461e-03       0.00000e+00
   13               2.92281e-03       4.29060e-03       0.00000e+00
   14               3.63556e-03       6.28537e-03       0.00000e+00
   15               4.18727e-03       8.48547e-03       0.00000e+00
   16               4.57942e-03       1.08591e-02       0.00000e+00
   17               4.82106e-03       1.33934e-02       0.00000e+00
   18               4.95131e-03       1.61244e-02       0.00000e+00
   19               0.00000e+00       0.00000e+00       0.00000e+00
   20               5.89464e-04       9.30260e-04       0.00000e+00
   21               1.18923e-03       2.34282e-03       0.00000e+00
   22               1.74360e-03       4.10417e-03       0.00000e+00
   23               2.20706e-03       6.12949e-03       0.00000e+00
   24               2.56355e-03       8.36514e-03       0.00000e+00
   25               2.80850e-03       1.07624e-02       0.00000e+00
   26               2.95073e-03       1.32728e-02       0.00000e+00
   27               3.03101e-03       1.58410e-02       0.00000e+00
   28               0.00000e+00       0.00000e+00       0.00000e+00
   29               2.73017e-04       8.94837e-04       0.00000e+00
   30               5.48271e-04       2.26193e-03       0.00000e+00
   31               8.11410e-04       4.00554e-03       0.00000e+00
   32               1.03959e-03       6.03922e-03       0.00000e+00
   33               1.21694e-03       8.29237e-03       0.00000e+00
   34               1.33677e-03       1.06988e-02       0.00000e+00
   35               1.40223e-03       1.31795e-02       0.00000e+00
   36               1.43582e-03       1.56156e-02       0.00000e+00
   37               0.00000e+00       0.00000e+00       0.00000e+00
   38              -2.95590e-06       8.87232e-04       0.00000e+00
   39              -5.42804e-06       2.23927e-03       0.00000e+00
   40              -2.46270e-06       3.97167e-03       0.00000e+00
   41               5.33566e-06       6.00323e-03       0.00000e+00
   42               1.46341e-05       8.26093e-03       0.00000e+00
   43               2.13813e-05       1.06715e-02       0.00000e+00
   44               2.06060e-05       1.31419e-02       0.00000e+00
   45               7.90327e-06       1.55260e-02       0.00000e+00
   46               0.00000e+00       0.00000e+00       0.00000e+00
   47              -2.81511e-04       8.96389e-04       0.00000e+00
   48              -5.60145e-04       2.25733e-03       0.00000e+00
   49              -8.14311e-04       3.98913e-03       0.00000e+00
   50              -1.02651e-03       6.01487e-03       0.00000e+00
   51              -1.18690e-03       8.26747e-03       0.00000e+00
   52              -1.29358e-03       1.06805e-02       0.00000e+00
   53              -1.35766e-03       1.31695e-02       0.00000e+00
   54              -1.41214e-03       1.55970e-02       0.00000e+00
   55               0.00000e+00       0.00000e+00       0.00000e+00
   56              -6.05148e-04       9.35699e-04       0.00000e+00
   57              -1.19829e-03       2.32718e-03       0.00000e+00
   58              -1.73508e-03       4.06464e-03       0.00000e+00
   59              -2.18529e-03       6.07913e-03       0.00000e+00
   60              -2.53191e-03       8.31489e-03       0.00000e+00
   61              -2.76740e-03       1.07222e-02       0.00000e+00
   62              -2.90056e-03       1.32488e-02       0.00000e+00
   63              -2.98457e-03       1.58055e-02       0.00000e+00
   64               0.00000e+00       0.00000e+00       0.00000e+00
   65              -1.04063e-03       1.04789e-03       0.00000e+00
   66              -2.02523e-03       2.48358e-03       0.00000e+00
   67              -2.88639e-03       4.22040e-03       0.00000e+00
   68              -3.59920e-03       6.21114e-03       0.00000e+00
   69              -4.15453e-03       8.41412e-03       0.00000e+00
   70              -4.54802e-03       1.07953e-02       0.00000e+00
   71              -4.77729e-03       1.33431e-02       0.00000e+00
   72              -4.87106e-03       1.60705e-02       0.00000e+00
   73               0.00000e+00       0.00000e+00       0.00000e+00
   74              -1.75496e-03       1.32110e-03       0.00000e+00
   75              -3.21716e-03       2.77248e-03       0.00000e+00
   76              -4.41888e-03       4.47835e-03       0.00000e+00
   77              -5.39526e-03       6.42380e-03       0.00000e+00
   78              -6.16474e-03       8.57750e-03       0.00000e+00
   79              -6.73884e-03       1.09109e-02       0.00000e+00
   80              -7.12013e-03       1.34212e-02       0.00000e+00
   81              -7.26152e-03       1.62125e-02       0.00000e+00

 S T R E S S  C A L C U L A T I O N S  F O R  E L E M E N T  G R O U P    1

  ELEMENT          SIGMA-X           SIGMA-Y            TAU-XY
  NUMBER
    1       3.24826e+03       3.52690e+02       3.66372e+02
    2       1.89022e+03       5.67067e+02       6.74280e+02
    3       2.46547e+03       1.74543e+02       1.29053e+02
    4       1.68806e+03      -1.15370e+02       4.16411e+02
    5       2.01439e+03       1.30376e+02       9.16914e+01
    6       1.42639e+03      -1.37181e+02       3.22033e+02
    7       1.64166e+03       1.11223e+02       8.73711e+01
    8       1.15961e+03      -1.26056e+02       2.81036e+02
    9       1.29860e+03       9.78124e+01       8.95701e+01
   10       8.92843e+02      -1.13422e+02       2.55684e+02
   11       9.72921e+02       7.48416e+01       9.51922e+01
   12       6.27781e+02      -1.03435e+02       2.36112e+02
   13       6.49943e+02       1.65131e+00       1.25019e+02
   14       3.74555e+02      -1.04668e+02       2.27786e+02
   15       2.63681e+02      -2.36319e+02       2.63681e+02
   16       1.76728e+02      -1.40313e+02       2.61243e+02
   17       1.82749e+03       3.57956e+02       3.93586e+02
   18       1.08824e+03       3.26472e+02       6.01091e+02
   19       1.78682e+03       2.13834e+02       4.07750e+02
   20       1.04453e+03       1.23068e+02       6.32035e+02
   21       1.50943e+03       1.39618e+02       3.72697e+02
   22       9.17235e+02      -4.70408e+01       5.82389e+02
   23       1.22952e+03       1.06969e+02       3.65898e+02
   24       7.52363e+02      -8.75020e+01       5.46721e+02
   25       9.51896e+02       8.34208e+01       3.72429e+02
   26       5.71797e+02      -9.03472e+01       5.21547e+02
   27       6.70406e+02       3.86504e+01       3.89433e+02
   28       3.85576e+02      -8.64752e+01       4.99806e+02
   29       3.79320e+02      -8.87850e+01       4.29049e+02
   30       2.09016e+02      -9.97668e+01       4.77857e+02
   31       8.34595e+01      -4.51208e+02       5.23868e+02
   32       8.14254e+01      -1.78153e+02       4.50901e+02
   33       1.06862e+03       2.61076e+02       3.96618e+02
   34       5.04032e+02       1.51209e+02       5.78202e+02
   35       1.06246e+03       1.82843e+02       4.98570e+02
   36       4.88543e+02       8.70523e+01       6.78876e+02
   37       9.68835e+02       1.24957e+02       5.35764e+02
   38       4.40993e+02      -3.59764e+00       7.12486e+02
   39       8.05629e+02       9.00483e+01       5.54297e+02
   40       3.66626e+02      -5.57059e+01       7.11732e+02
   41       6.17832e+02       6.31041e+01       5.74456e+02
   42       2.77429e+02      -6.84116e+01       7.01512e+02
   43       4.17021e+02       1.83399e+01       5.98008e+02
   44       1.80921e+02      -6.79691e+01       6.84811e+02
   45       2.10908e+02      -9.34582e+01       6.21570e+02
   46       8.56597e+01      -8.10683e+01       6.51955e+02
   47       2.33822e+01      -3.71631e+02       6.28676e+02
   48       1.03328e+01      -1.53631e+02       5.73497e+02
   49       4.99820e+02       1.37170e+02       3.99881e+02
   50      -5.45705e+00      -1.63711e+00       5.73289e+02
   51       4.95616e+02       1.10629e+02       5.25574e+02
   52      -8.77581e+00      -1.54087e+01       6.95305e+02
   53       4.67031e+02       8.31976e+01       6.00758e+02
   54      -7.07143e+00      -4.01773e+01       7.61617e+02
   55       4.01317e+02       5.99310e+01       6.45787e+02
   56      -4.36517e+00      -5.82214e+01       7.86819e+02
   57       3.10004e+02       4.01724e+01       6.79007e+02
   58      -2.76684e+00      -6.12943e+01       7.90533e+02
   59       2.06072e+02       1.58660e+01       7.04988e+02
   60      -4.95988e+00      -5.43168e+01       7.80699e+02
   61       9.99941e+01      -3.32871e+01       7.10179e+02
   62      -1.65815e+01      -5.09300e+01       7.46315e+02
   63       1.24062e+01      -1.46719e+02       6.51415e+02
   64      -4.43144e+01      -7.65797e+01       6.47802e+02
   65      -3.85877e-01       1.52668e+01       3.93299e+02
   66      -5.19712e+02      -1.55914e+02       5.79205e+02
   67       5.43470e+00       3.19596e+01       5.15194e+02
   68      -5.09331e+02      -1.37417e+02       6.99386e+02
   69       1.51481e+01       3.38877e+01       5.94813e+02
   70      -4.59229e+02      -1.07440e+02       7.60580e+02
   71       2.08432e+01       2.58064e+01       6.45978e+02
   72      -3.82071e+02      -8.52782e+01       7.84362e+02
   73       2.07899e+01       1.72283e+01       6.82442e+02
   74      -2.89668e+02      -6.73469e+01       7.88797e+02
   75       1.74509e+01       2.03860e+01       7.07907e+02
   76      -1.93320e+02      -4.70047e+01       7.82797e+02
   77       1.38620e+01       5.05483e+01       7.05684e+02
   78      -1.13312e+02      -1.88430e+01       7.58606e+02
   79       1.58777e+01       1.24061e+02       6.22978e+02
   80      -8.52850e+01       2.08042e+01       6.78014e+02
   81      -4.97941e+02      -8.33411e+01       3.70086e+02
   82      -1.11720e+03      -3.35159e+02       6.04605e+02
   83      -4.75714e+02      -2.53602e+01       4.67034e+02
   84      -1.07326e+03      -2.55938e+02       6.89992e+02
   85      -4.27405e+02      -1.35967e+00       5.24056e+02
   86      -9.52299e+02      -1.68336e+02       7.10329e+02
   87      -3.56155e+02       1.10866e+00       5.60185e+02
   88      -7.89347e+02      -1.09942e+02       7.06712e+02
   89      -2.69854e+02      -1.30154e+00       5.86442e+02
   90      -6.04318e+02      -7.33401e+01       6.95885e+02
   91      -1.73828e+02       1.79697e+01       6.06858e+02
   92      -4.08488e+02      -4.28917e+01       6.86422e+02
   93      -7.43974e+01       1.10873e+02       6.11321e+02
   94      -2.22723e+02       3.30117e+00       6.80217e+02
   95       1.48629e+01       3.54631e+02       5.52556e+02
   96      -1.11183e+02       9.98372e+01       6.55090e+02
   97      -1.05506e+03      -1.28038e+02       3.23216e+02
   98      -1.92116e+03      -5.76349e+02       6.77098e+02
   99      -1.00842e+03      -3.97791e+01       3.64783e+02
  100      -1.75558e+03      -3.38194e+02       6.46285e+02
  101      -9.04726e+02      -9.75613e+00       3.78747e+02
  102      -1.50321e+03      -1.88218e+02       5.87925e+02
  103      -7.58059e+02      -5.64877e+00       3.88067e+02
  104      -1.22970e+03      -1.07250e+02       5.42403e+02
  105      -5.84948e+02      -8.77281e+00       3.96177e+02
  106      -9.52114e+02      -6.38654e+01       5.09862e+02
  107      -3.94255e+02       4.55094e+00       4.04951e+02
  108      -6.71477e+02      -3.47316e+01       4.90164e+02
  109      -1.93590e+02       1.00411e+02       4.19879e+02
  110      -3.82769e+02       7.99695e+00       4.95693e+02
  111      -8.29424e+00       4.42799e+02       4.33079e+02
  112      -1.20871e+02       1.22227e+02       5.49696e+02
  113      -1.76985e+03      -7.19512e+01       2.15534e+02
  114      -3.23992e+03      -9.71975e+02       8.53637e+02
  115      -1.65771e+03      -1.19554e+01       1.57503e+02
  116      -2.54814e+03      -3.05438e+02       4.76248e+02
  117      -1.44696e+03      -7.17912e-01       1.32029e+02
  118      -2.05855e+03      -1.32206e+02       3.32086e+02
  119      -1.19818e+03      -2.17900e+00       1.25797e+02
  120      -1.65968e+03      -6.45340e+01       2.66835e+02
  121      -9.34734e+02      -5.93173e+00       1.24563e+02
  122      -1.30279e+03      -3.35613e+01       2.31094e+02
  123      -6.62426e+02      -4.56185e+00       1.23019e+02
  124      -9.69395e+02      -1.63298e+01       2.08833e+02
  125      -3.79973e+02       1.73161e+01       1.32407e+02
  126      -6.39913e+02       2.19225e+00       2.06463e+02
  127      -9.44681e+01       2.10235e+02       2.17740e+02
  128      -2.17740e+02       6.59859e+01       2.89765e+02


 S O L U T I O N   T I M E   L O G   I N   S E C 

     TIME FOR INPUT PHASE = 2.00000e-02
     TIME FOR CALCULATION OF STIFFNESS MATRIX = 0.00000e+00
     TIME FOR FACTORIZATION AND LOAD CASE SOLUTIONS = 6.00000e-03

     T O T A L   S O L U T I O N   T I M E = 2.60000e-02

