TITLE : T3_convergence_shear_4x4
        (21:0:15 on May 28, 2026, Thursday)

C O N T R O L   I N F O R M A T I O N

      NUMBER OF NODAL POINTS . . . . . . . . . . (NUMNP)  =    25
      NUMBER OF ELEMENT GROUPS . . . . . . . . . (NUMEG)  =     1
      NUMBER OF LOAD CASES . . . . . . . . . . . (NLCASE) =     1
      SOLUTION MODE  . . . . . . . . . . . . . . (MODEX)  =     1
         EQ.0, DATA CHECK
         EQ.1, EXECUTION

 N O D A L   P O I N T   D A T A

    NODE       BOUNDARY                         NODAL POINT
   NUMBER  CONDITION  CODES                     COORDINATES
        1    1    1    1       0.00000e+00    0.00000e+00    0.00000e+00
        2    0    0    1       2.50000e-01    0.00000e+00    0.00000e+00
        3    0    0    1       5.00000e-01    0.00000e+00    0.00000e+00
        4    0    0    1       7.50000e-01    0.00000e+00    0.00000e+00
        5    0    0    1       1.00000e+00    0.00000e+00    0.00000e+00
        6    1    1    1       0.00000e+00    2.50000e-01    0.00000e+00
        7    0    0    1       2.50000e-01    2.50000e-01    0.00000e+00
        8    0    0    1       5.00000e-01    2.50000e-01    0.00000e+00
        9    0    0    1       7.50000e-01    2.50000e-01    0.00000e+00
       10    0    0    1       1.00000e+00    2.50000e-01    0.00000e+00
       11    1    1    1       0.00000e+00    5.00000e-01    0.00000e+00
       12    0    0    1       2.50000e-01    5.00000e-01    0.00000e+00
       13    0    0    1       5.00000e-01    5.00000e-01    0.00000e+00
       14    0    0    1       7.50000e-01    5.00000e-01    0.00000e+00
       15    0    0    1       1.00000e+00    5.00000e-01    0.00000e+00
       16    1    1    1       0.00000e+00    7.50000e-01    0.00000e+00
       17    0    0    1       2.50000e-01    7.50000e-01    0.00000e+00
       18    0    0    1       5.00000e-01    7.50000e-01    0.00000e+00
       19    0    0    1       7.50000e-01    7.50000e-01    0.00000e+00
       20    0    0    1       1.00000e+00    7.50000e-01    0.00000e+00
       21    1    1    1       0.00000e+00    1.00000e+00    0.00000e+00
       22    0    0    1       2.50000e-01    1.00000e+00    0.00000e+00
       23    0    0    1       5.00000e-01    1.00000e+00    0.00000e+00
       24    0    0    1       7.50000e-01    1.00000e+00    0.00000e+00
       25    0    0    1       1.00000e+00    1.00000e+00    0.00000e+00

 EQUATION NUMBERS

   NODE NUMBER   DEGREES OF FREEDOM
        N           X    Y    Z
        1           0    0    0
        2           1    2    0
        3           3    4    0
        4           5    6    0
        5           7    8    0
        6           0    0    0
        7           9   10    0
        8          11   12    0
        9          13   14    0
       10          15   16    0
       11           0    0    0
       12          17   18    0
       13          19   20    0
       14          21   22    0
       15          23   24    0
       16           0    0    0
       17          25   26    0
       18          27   28    0
       19          29   30    0
       20          31   32    0
       21           0    0    0
       22          33   34    0
       23          35   36    0
       24          37   38    0
       25          39   40    0

 L O A D   C A S E   D A T A

     LOAD CASE NUMBER . . . . . . . =     1
     NUMBER OF CONCENTRATED LOADS . =     5

    NODE       DIRECTION      LOAD
   NUMBER                   MAGNITUDE
      5            2        6.25000e+01
     10            2        1.25000e+02
     15            2        1.25000e+02
     20            2        1.25000e+02
     25            2        6.25000e+01

 E L E M E N T   G R O U P   D A T A


 E L E M E N T   D E F I N I T I O N

 ELEMENT TYPE  . . . . . . . . . . . . .( NPAR(1) ) . . =    3
     EQ.1, TRUSS ELEMENTS
     EQ.2, ELEMENTS CURRENTLY
     EQ.3, NOT AVAILABLE

 NUMBER OF ELEMENTS. . . . . . . . . . .( NPAR(2) ) . . =   32

 M A T E R I A L   D E F I N I T I O N

 NUMBER OF DIFFERENT SETS OF MATERIAL . . . . . . . . . . . . . . . . . . =    1

  SET       YOUNG'S        POISSON'S       THICKNESS   MODE
 NUMBER     MODULUS          RATIO
               E              NU              T      1=PS 2=PE
    1     2.10000e+05     3.00000e-01     1.00000e+00       1


 E L E M E N T   I N F O R M A T I O N
 ELEMENT     NODE     NODE     NODE       MATERIAL
 NUMBER-N      I        J        K       SET NUMBER
    1          1        2        7           1
    2          1        7        6           1
    3          2        3        8           1
    4          2        8        7           1
    5          3        4        9           1
    6          3        9        8           1
    7          4        5       10           1
    8          4       10        9           1
    9          6        7       12           1
   10          6       12       11           1
   11          7        8       13           1
   12          7       13       12           1
   13          8        9       14           1
   14          8       14       13           1
   15          9       10       15           1
   16          9       15       14           1
   17         11       12       17           1
   18         11       17       16           1
   19         12       13       18           1
   20         12       18       17           1
   21         13       14       19           1
   22         13       19       18           1
   23         14       15       20           1
   24         14       20       19           1
   25         16       17       22           1
   26         16       22       21           1
   27         17       18       23           1
   28         17       23       22           1
   29         18       19       24           1
   30         18       24       23           1
   31         19       20       25           1
   32         19       25       24           1

	TOTAL SYSTEM DATA

     NUMBER OF EQUATIONS . . . . . . . . . . . . . .(NEQ) = 40
     NUMBER OF MATRIX ELEMENTS . . . . . . . . . . .(NWK) = 376
     MAXIMUM HALF BANDWIDTH  . . . . . . . . . . . .(MK ) = 12
     MEAN HALF BANDWIDTH . . . . . . . . . . . . . .(MM ) = 9


 LOAD CASE    1


 D I S P L A C E M E N T S

  NODE           X-DISPLACEMENT    Y-DISPLACEMENT    Z-DISPLACEMENT
    1               0.00000e+00       0.00000e+00       0.00000e+00
    2               2.75922e-03       2.64397e-03       0.00000e+00
    3               4.60311e-03       5.95415e-03       0.00000e+00
    4               5.71666e-03       9.95806e-03       0.00000e+00
    5               6.17454e-03       1.45211e-02       0.00000e+00
    6               0.00000e+00       0.00000e+00       0.00000e+00
    7               9.81615e-04       2.14596e-03       0.00000e+00
    8               1.87462e-03       5.57258e-03       0.00000e+00
    9               2.42369e-03       9.70011e-03       0.00000e+00
   10               2.64891e-03       1.42052e-02       0.00000e+00
   11               0.00000e+00       0.00000e+00       0.00000e+00
   12              -1.78219e-05       2.06104e-03       0.00000e+00
   13               2.55208e-06       5.42031e-03       0.00000e+00
   14               4.21864e-05       9.56734e-03       0.00000e+00
   15               4.01392e-05       1.39637e-02       0.00000e+00
   16               0.00000e+00       0.00000e+00       0.00000e+00
   17              -1.01934e-03       2.11913e-03       0.00000e+00
   18              -1.83764e-03       5.44803e-03       0.00000e+00
   19              -2.32756e-03       9.56882e-03       0.00000e+00
   20              -2.50176e-03       1.40612e-02       0.00000e+00
   21               0.00000e+00       0.00000e+00       0.00000e+00
   22              -2.58303e-03       2.42697e-03       0.00000e+00
   23              -4.47111e-03       5.68462e-03       0.00000e+00
   24              -5.61786e-03       9.67970e-03       0.00000e+00
   25              -5.99933e-03       1.42183e-02       0.00000e+00

 S T R E S S  C A L C U L A T I O N S  F O R  E L E M E N T  G R O U P    1

  ELEMENT          SIGMA-X           SIGMA-Y            TAU-XY
  NUMBER
    1       2.40906e+03       3.04387e+02       2.79905e+02
    2       9.06106e+02       2.71832e+02       6.93310e+02
    3       1.59639e+03       1.58403e+02       1.87929e+02
    4       6.86399e+02      -2.12411e+02       5.32761e+02
    5       9.56464e+02       7.02592e+01       2.29689e+02
    6       4.01171e+02      -2.00163e+02       4.51997e+02
    7       3.35170e+02      -1.64830e+02       3.35170e+02
    8       1.36466e+02      -1.75740e+02       3.91605e+02
    9       8.82590e+02       1.93444e+02       3.70415e+02
   10      -1.64510e+01      -4.93530e+00       6.65875e+02
   11       7.82142e+02       1.06731e+02       5.02242e+02
   12      -4.70955e+00      -7.27457e+01       7.62407e+02
   13       4.70066e+02       2.94883e+01       5.64101e+02
   14      -5.58305e+00      -1.29586e+02       7.34988e+02
   15       1.41017e+02      -1.60572e+02       6.12654e+02
   16      -3.86584e+01      -1.23129e+02       6.50947e+02
   17      -3.65508e-01       4.86830e+01       3.42308e+02
   18      -9.40927e+02      -2.82278e+02       6.84641e+02
   19       2.64827e+01       3.12284e+01       4.90779e+02
   20      -7.39269e+02      -1.72988e+02       7.51924e+02
   21       3.69962e+01       1.23445e+01       5.74199e+02
   22      -4.44561e+02      -1.10085e+02       7.36810e+02
   23       2.51308e+01       8.95014e+01       5.99126e+02
   24      -1.60391e+02      -4.68717e+01       6.85790e+02
   25      -8.55679e+02       1.88072e+00       1.79449e+02
   26      -2.38433e+03      -7.15299e+02       7.84097e+02
   27      -6.89836e+02      -8.21168e+00       2.24676e+02
   28      -1.65760e+03      -2.38696e+02       5.47282e+02
   29      -4.21532e+02      -3.33231e+01       2.68313e+02
   30      -9.93021e+02      -9.91674e+01       4.39903e+02
   31      -1.17317e+02       9.67093e+01       3.21418e+02
   32      -3.21418e+02      -3.28872e+00       4.03291e+02


 S O L U T I O N   T I M E   L O G   I N   S E C 

     TIME FOR INPUT PHASE = 1.10000e-02
     TIME FOR CALCULATION OF STIFFNESS MATRIX = 0.00000e+00
     TIME FOR FACTORIZATION AND LOAD CASE SOLUTIONS = 2.00000e-03

     T O T A L   S O L U T I O N   T I M E = 1.30000e-02

