TITLE : Q4_convergence_shear_4x4
        (22:25:53 on May 9, 2026, Saturday)

C O N T R O L   I N F O R M A T I O N

      NUMBER OF NODAL POINTS . . . . . . . . . . (NUMNP)  =    25
      NUMBER OF ELEMENT GROUPS . . . . . . . . . (NUMEG)  =     1
      NUMBER OF LOAD CASES . . . . . . . . . . . (NLCASE) =     1
      SOLUTION MODE  . . . . . . . . . . . . . . (MODEX)  =     1
         EQ.0, DATA CHECK
         EQ.1, EXECUTION

 N O D A L   P O I N T   D A T A

    NODE       BOUNDARY                         NODAL POINT
   NUMBER  CONDITION  CODES                     COORDINATES
        1    1    1    1       0.00000e+00    0.00000e+00    0.00000e+00
        2    0    0    1       2.50000e-01    0.00000e+00    0.00000e+00
        3    0    0    1       5.00000e-01    0.00000e+00    0.00000e+00
        4    0    0    1       7.50000e-01    0.00000e+00    0.00000e+00
        5    0    0    1       1.00000e+00    0.00000e+00    0.00000e+00
        6    1    1    1       0.00000e+00    2.50000e-01    0.00000e+00
        7    0    0    1       2.50000e-01    2.50000e-01    0.00000e+00
        8    0    0    1       5.00000e-01    2.50000e-01    0.00000e+00
        9    0    0    1       7.50000e-01    2.50000e-01    0.00000e+00
       10    0    0    1       1.00000e+00    2.50000e-01    0.00000e+00
       11    1    1    1       0.00000e+00    5.00000e-01    0.00000e+00
       12    0    0    1       2.50000e-01    5.00000e-01    0.00000e+00
       13    0    0    1       5.00000e-01    5.00000e-01    0.00000e+00
       14    0    0    1       7.50000e-01    5.00000e-01    0.00000e+00
       15    0    0    1       1.00000e+00    5.00000e-01    0.00000e+00
       16    1    1    1       0.00000e+00    7.50000e-01    0.00000e+00
       17    0    0    1       2.50000e-01    7.50000e-01    0.00000e+00
       18    0    0    1       5.00000e-01    7.50000e-01    0.00000e+00
       19    0    0    1       7.50000e-01    7.50000e-01    0.00000e+00
       20    0    0    1       1.00000e+00    7.50000e-01    0.00000e+00
       21    1    1    1       0.00000e+00    1.00000e+00    0.00000e+00
       22    0    0    1       2.50000e-01    1.00000e+00    0.00000e+00
       23    0    0    1       5.00000e-01    1.00000e+00    0.00000e+00
       24    0    0    1       7.50000e-01    1.00000e+00    0.00000e+00
       25    0    0    1       1.00000e+00    1.00000e+00    0.00000e+00

 EQUATION NUMBERS

   NODE NUMBER   DEGREES OF FREEDOM
        N           X    Y    Z
        1           0    0    0
        2           1    2    0
        3           3    4    0
        4           5    6    0
        5           7    8    0
        6           0    0    0
        7           9   10    0
        8          11   12    0
        9          13   14    0
       10          15   16    0
       11           0    0    0
       12          17   18    0
       13          19   20    0
       14          21   22    0
       15          23   24    0
       16           0    0    0
       17          25   26    0
       18          27   28    0
       19          29   30    0
       20          31   32    0
       21           0    0    0
       22          33   34    0
       23          35   36    0
       24          37   38    0
       25          39   40    0

 L O A D   C A S E   D A T A

     LOAD CASE NUMBER . . . . . . . =     1
     NUMBER OF CONCENTRATED LOADS . =     5

    NODE       DIRECTION      LOAD
   NUMBER                   MAGNITUDE
      5            2        6.25000e+01
     10            2        1.25000e+02
     15            2        1.25000e+02
     20            2        1.25000e+02
     25            2        6.25000e+01

 E L E M E N T   G R O U P   D A T A


 E L E M E N T   D E F I N I T I O N

 ELEMENT TYPE  . . . . . . . . . . . . .( NPAR(1) ) . . =    2
     EQ.1, TRUSS ELEMENTS
     EQ.2, ELEMENTS CURRENTLY
     EQ.3, NOT AVAILABLE

 NUMBER OF ELEMENTS. . . . . . . . . . .( NPAR(2) ) . . =   16

 M A T E R I A L   D E F I N I T I O N

 NUMBER OF DIFFERENT SETS OF MATERIAL . . . . . . . . . . . . . . . . . . =    1

  SET       YOUNG'S        POISSON'S       THICKNESS   MODE
 NUMBER     MODULUS          RATIO
               E              NU              T      1=PS 2=PE
    1     2.10000e+05     3.00000e-01     1.00000e+00       1


 E L E M E N T   I N F O R M A T I O N
 ELEMENT     NODE     NODE     NODE     NODE       MATERIAL
 NUMBER-N      I        J        K        L       SET NUMBER
    1          1        2        7        6           1
    2          2        3        8        7           1
    3          3        4        9        8           1
    4          4        5       10        9           1
    5          6        7       12       11           1
    6          7        8       13       12           1
    7          8        9       14       13           1
    8          9       10       15       14           1
    9         11       12       17       16           1
   10         12       13       18       17           1
   11         13       14       19       18           1
   12         14       15       20       19           1
   13         16       17       22       21           1
   14         17       18       23       22           1
   15         18       19       24       23           1
   16         19       20       25       24           1

	TOTAL SYSTEM DATA

     NUMBER OF EQUATIONS . . . . . . . . . . . . . .(NEQ) = 40
     NUMBER OF MATRIX ELEMENTS . . . . . . . . . . .(NWK) = 376
     MAXIMUM HALF BANDWIDTH  . . . . . . . . . . . .(MK ) = 12
     MEAN HALF BANDWIDTH . . . . . . . . . . . . . .(MM ) = 9


 LOAD CASE    1


 D I S P L A C E M E N T S

  NODE           X-DISPLACEMENT    Y-DISPLACEMENT    Z-DISPLACEMENT
    1               0.00000e+00       0.00000e+00       0.00000e+00
    2               3.25961e-03       2.83588e-03       0.00000e+00
    3               5.43137e-03       6.39641e-03       0.00000e+00
    4               6.76887e-03       1.08217e-02       0.00000e+00
    5               7.29200e-03       1.60605e-02       0.00000e+00
    6               0.00000e+00       0.00000e+00       0.00000e+00
    7               1.12226e-03       2.23340e-03       0.00000e+00
    8               2.19352e-03       6.02309e-03       0.00000e+00
    9               2.80133e-03       1.06465e-02       0.00000e+00
   10               3.02927e-03       1.57293e-02       0.00000e+00
   11               0.00000e+00       0.00000e+00       0.00000e+00
   12               3.48300e-18       2.14741e-03       0.00000e+00
   13               7.31836e-18       5.88896e-03       0.00000e+00
   14               1.02999e-17       1.06076e-02       0.00000e+00
   15               9.97466e-18       1.54545e-02       0.00000e+00
   16               0.00000e+00       0.00000e+00       0.00000e+00
   17              -1.12226e-03       2.23340e-03       0.00000e+00
   18              -2.19352e-03       6.02309e-03       0.00000e+00
   19              -2.80133e-03       1.06465e-02       0.00000e+00
   20              -3.02927e-03       1.57293e-02       0.00000e+00
   21               0.00000e+00       0.00000e+00       0.00000e+00
   22              -3.25961e-03       2.83588e-03       0.00000e+00
   23              -5.43137e-03       6.39641e-03       0.00000e+00
   24              -6.76887e-03       1.08217e-02       0.00000e+00
   25              -7.29200e-03       1.60605e-02       0.00000e+00

 S T R E S S  C A L C U L A T I O N S  F O R  E L E M E N T  G R O U P    1

  ELEMENT          SIGMA-X           SIGMA-Y            TAU-XY
  NUMBER
    1       1.93898e+03       3.28649e+02       4.73620e+02
    2       1.36166e+03      -1.34187e+00       3.19041e+02
    3       8.21878e+02       1.61627e+01       2.97763e+02
    4       2.76522e+02      -1.29769e+02       3.37832e+02
    5       5.06061e+02       1.15703e+02       5.26380e+02
    6       4.63949e+02       4.67379e+01       6.80959e+02
    7       2.56578e+02       4.32455e+00       7.02237e+02
    8       6.17823e+01      -1.13175e+02       6.62168e+02
    9      -5.06061e+02      -1.15703e+02       5.26380e+02
   10      -4.63949e+02      -4.67379e+01       6.80959e+02
   11      -2.56578e+02      -4.32455e+00       7.02237e+02
   12      -6.17823e+01       1.13175e+02       6.62168e+02
   13      -1.93898e+03      -3.28649e+02       4.73620e+02
   14      -1.36166e+03       1.34187e+00       3.19041e+02
   15      -8.21878e+02      -1.61627e+01       2.97763e+02
   16      -2.76522e+02       1.29769e+02       3.37832e+02


 S O L U T I O N   T I M E   L O G   I N   S E C 

     TIME FOR INPUT PHASE = 1.30000e-02
     TIME FOR CALCULATION OF STIFFNESS MATRIX = 0.00000e+00
     TIME FOR FACTORIZATION AND LOAD CASE SOLUTIONS = 1.00000e-03

     T O T A L   S O L U T I O N   T I M E = 1.40000e-02

