TITLE : Q4_convergence_tension_8x8
        (22:25:53 on May 9, 2026, Saturday)

C O N T R O L   I N F O R M A T I O N

      NUMBER OF NODAL POINTS . . . . . . . . . . (NUMNP)  =    81
      NUMBER OF ELEMENT GROUPS . . . . . . . . . (NUMEG)  =     1
      NUMBER OF LOAD CASES . . . . . . . . . . . (NLCASE) =     1
      SOLUTION MODE  . . . . . . . . . . . . . . (MODEX)  =     1
         EQ.0, DATA CHECK
         EQ.1, EXECUTION

 N O D A L   P O I N T   D A T A

    NODE       BOUNDARY                         NODAL POINT
   NUMBER  CONDITION  CODES                     COORDINATES
        1    1    1    1       0.00000e+00    0.00000e+00    0.00000e+00
        2    0    0    1       1.25000e-01    0.00000e+00    0.00000e+00
        3    0    0    1       2.50000e-01    0.00000e+00    0.00000e+00
        4    0    0    1       3.75000e-01    0.00000e+00    0.00000e+00
        5    0    0    1       5.00000e-01    0.00000e+00    0.00000e+00
        6    0    0    1       6.25000e-01    0.00000e+00    0.00000e+00
        7    0    0    1       7.50000e-01    0.00000e+00    0.00000e+00
        8    0    0    1       8.75000e-01    0.00000e+00    0.00000e+00
        9    0    0    1       1.00000e+00    0.00000e+00    0.00000e+00
       10    1    1    1       0.00000e+00    1.25000e-01    0.00000e+00
       11    0    0    1       1.25000e-01    1.25000e-01    0.00000e+00
       12    0    0    1       2.50000e-01    1.25000e-01    0.00000e+00
       13    0    0    1       3.75000e-01    1.25000e-01    0.00000e+00
       14    0    0    1       5.00000e-01    1.25000e-01    0.00000e+00
       15    0    0    1       6.25000e-01    1.25000e-01    0.00000e+00
       16    0    0    1       7.50000e-01    1.25000e-01    0.00000e+00
       17    0    0    1       8.75000e-01    1.25000e-01    0.00000e+00
       18    0    0    1       1.00000e+00    1.25000e-01    0.00000e+00
       19    1    1    1       0.00000e+00    2.50000e-01    0.00000e+00
       20    0    0    1       1.25000e-01    2.50000e-01    0.00000e+00
       21    0    0    1       2.50000e-01    2.50000e-01    0.00000e+00
       22    0    0    1       3.75000e-01    2.50000e-01    0.00000e+00
       23    0    0    1       5.00000e-01    2.50000e-01    0.00000e+00
       24    0    0    1       6.25000e-01    2.50000e-01    0.00000e+00
       25    0    0    1       7.50000e-01    2.50000e-01    0.00000e+00
       26    0    0    1       8.75000e-01    2.50000e-01    0.00000e+00
       27    0    0    1       1.00000e+00    2.50000e-01    0.00000e+00
       28    1    1    1       0.00000e+00    3.75000e-01    0.00000e+00
       29    0    0    1       1.25000e-01    3.75000e-01    0.00000e+00
       30    0    0    1       2.50000e-01    3.75000e-01    0.00000e+00
       31    0    0    1       3.75000e-01    3.75000e-01    0.00000e+00
       32    0    0    1       5.00000e-01    3.75000e-01    0.00000e+00
       33    0    0    1       6.25000e-01    3.75000e-01    0.00000e+00
       34    0    0    1       7.50000e-01    3.75000e-01    0.00000e+00
       35    0    0    1       8.75000e-01    3.75000e-01    0.00000e+00
       36    0    0    1       1.00000e+00    3.75000e-01    0.00000e+00
       37    1    1    1       0.00000e+00    5.00000e-01    0.00000e+00
       38    0    0    1       1.25000e-01    5.00000e-01    0.00000e+00
       39    0    0    1       2.50000e-01    5.00000e-01    0.00000e+00
       40    0    0    1       3.75000e-01    5.00000e-01    0.00000e+00
       41    0    0    1       5.00000e-01    5.00000e-01    0.00000e+00
       42    0    0    1       6.25000e-01    5.00000e-01    0.00000e+00
       43    0    0    1       7.50000e-01    5.00000e-01    0.00000e+00
       44    0    0    1       8.75000e-01    5.00000e-01    0.00000e+00
       45    0    0    1       1.00000e+00    5.00000e-01    0.00000e+00
       46    1    1    1       0.00000e+00    6.25000e-01    0.00000e+00
       47    0    0    1       1.25000e-01    6.25000e-01    0.00000e+00
       48    0    0    1       2.50000e-01    6.25000e-01    0.00000e+00
       49    0    0    1       3.75000e-01    6.25000e-01    0.00000e+00
       50    0    0    1       5.00000e-01    6.25000e-01    0.00000e+00
       51    0    0    1       6.25000e-01    6.25000e-01    0.00000e+00
       52    0    0    1       7.50000e-01    6.25000e-01    0.00000e+00
       53    0    0    1       8.75000e-01    6.25000e-01    0.00000e+00
       54    0    0    1       1.00000e+00    6.25000e-01    0.00000e+00
       55    1    1    1       0.00000e+00    7.50000e-01    0.00000e+00
       56    0    0    1       1.25000e-01    7.50000e-01    0.00000e+00
       57    0    0    1       2.50000e-01    7.50000e-01    0.00000e+00
       58    0    0    1       3.75000e-01    7.50000e-01    0.00000e+00
       59    0    0    1       5.00000e-01    7.50000e-01    0.00000e+00
       60    0    0    1       6.25000e-01    7.50000e-01    0.00000e+00
       61    0    0    1       7.50000e-01    7.50000e-01    0.00000e+00
       62    0    0    1       8.75000e-01    7.50000e-01    0.00000e+00
       63    0    0    1       1.00000e+00    7.50000e-01    0.00000e+00
       64    1    1    1       0.00000e+00    8.75000e-01    0.00000e+00
       65    0    0    1       1.25000e-01    8.75000e-01    0.00000e+00
       66    0    0    1       2.50000e-01    8.75000e-01    0.00000e+00
       67    0    0    1       3.75000e-01    8.75000e-01    0.00000e+00
       68    0    0    1       5.00000e-01    8.75000e-01    0.00000e+00
       69    0    0    1       6.25000e-01    8.75000e-01    0.00000e+00
       70    0    0    1       7.50000e-01    8.75000e-01    0.00000e+00
       71    0    0    1       8.75000e-01    8.75000e-01    0.00000e+00
       72    0    0    1       1.00000e+00    8.75000e-01    0.00000e+00
       73    1    1    1       0.00000e+00    1.00000e+00    0.00000e+00
       74    0    0    1       1.25000e-01    1.00000e+00    0.00000e+00
       75    0    0    1       2.50000e-01    1.00000e+00    0.00000e+00
       76    0    0    1       3.75000e-01    1.00000e+00    0.00000e+00
       77    0    0    1       5.00000e-01    1.00000e+00    0.00000e+00
       78    0    0    1       6.25000e-01    1.00000e+00    0.00000e+00
       79    0    0    1       7.50000e-01    1.00000e+00    0.00000e+00
       80    0    0    1       8.75000e-01    1.00000e+00    0.00000e+00
       81    0    0    1       1.00000e+00    1.00000e+00    0.00000e+00

 EQUATION NUMBERS

   NODE NUMBER   DEGREES OF FREEDOM
        N           X    Y    Z
        1           0    0    0
        2           1    2    0
        3           3    4    0
        4           5    6    0
        5           7    8    0
        6           9   10    0
        7          11   12    0
        8          13   14    0
        9          15   16    0
       10           0    0    0
       11          17   18    0
       12          19   20    0
       13          21   22    0
       14          23   24    0
       15          25   26    0
       16          27   28    0
       17          29   30    0
       18          31   32    0
       19           0    0    0
       20          33   34    0
       21          35   36    0
       22          37   38    0
       23          39   40    0
       24          41   42    0
       25          43   44    0
       26          45   46    0
       27          47   48    0
       28           0    0    0
       29          49   50    0
       30          51   52    0
       31          53   54    0
       32          55   56    0
       33          57   58    0
       34          59   60    0
       35          61   62    0
       36          63   64    0
       37           0    0    0
       38          65   66    0
       39          67   68    0
       40          69   70    0
       41          71   72    0
       42          73   74    0
       43          75   76    0
       44          77   78    0
       45          79   80    0
       46           0    0    0
       47          81   82    0
       48          83   84    0
       49          85   86    0
       50          87   88    0
       51          89   90    0
       52          91   92    0
       53          93   94    0
       54          95   96    0
       55           0    0    0
       56          97   98    0
       57          99  100    0
       58         101  102    0
       59         103  104    0
       60         105  106    0
       61         107  108    0
       62         109  110    0
       63         111  112    0
       64           0    0    0
       65         113  114    0
       66         115  116    0
       67         117  118    0
       68         119  120    0
       69         121  122    0
       70         123  124    0
       71         125  126    0
       72         127  128    0
       73           0    0    0
       74         129  130    0
       75         131  132    0
       76         133  134    0
       77         135  136    0
       78         137  138    0
       79         139  140    0
       80         141  142    0
       81         143  144    0

 L O A D   C A S E   D A T A

     LOAD CASE NUMBER . . . . . . . =     1
     NUMBER OF CONCENTRATED LOADS . =     9

    NODE       DIRECTION      LOAD
   NUMBER                   MAGNITUDE
      9            1        6.25000e+01
     18            1        1.25000e+02
     27            1        1.25000e+02
     36            1        1.25000e+02
     45            1        1.25000e+02
     54            1        1.25000e+02
     63            1        1.25000e+02
     72            1        1.25000e+02
     81            1        6.25000e+01

 E L E M E N T   G R O U P   D A T A


 E L E M E N T   D E F I N I T I O N

 ELEMENT TYPE  . . . . . . . . . . . . .( NPAR(1) ) . . =    2
     EQ.1, TRUSS ELEMENTS
     EQ.2, ELEMENTS CURRENTLY
     EQ.3, NOT AVAILABLE

 NUMBER OF ELEMENTS. . . . . . . . . . .( NPAR(2) ) . . =   64

 M A T E R I A L   D E F I N I T I O N

 NUMBER OF DIFFERENT SETS OF MATERIAL . . . . . . . . . . . . . . . . . . =    1

  SET       YOUNG'S        POISSON'S       THICKNESS   MODE
 NUMBER     MODULUS          RATIO
               E              NU              T      1=PS 2=PE
    1     2.10000e+05     3.00000e-01     1.00000e+00       1


 E L E M E N T   I N F O R M A T I O N
 ELEMENT     NODE     NODE     NODE     NODE       MATERIAL
 NUMBER-N      I        J        K        L       SET NUMBER
    1          1        2       11       10           1
    2          2        3       12       11           1
    3          3        4       13       12           1
    4          4        5       14       13           1
    5          5        6       15       14           1
    6          6        7       16       15           1
    7          7        8       17       16           1
    8          8        9       18       17           1
    9         10       11       20       19           1
   10         11       12       21       20           1
   11         12       13       22       21           1
   12         13       14       23       22           1
   13         14       15       24       23           1
   14         15       16       25       24           1
   15         16       17       26       25           1
   16         17       18       27       26           1
   17         19       20       29       28           1
   18         20       21       30       29           1
   19         21       22       31       30           1
   20         22       23       32       31           1
   21         23       24       33       32           1
   22         24       25       34       33           1
   23         25       26       35       34           1
   24         26       27       36       35           1
   25         28       29       38       37           1
   26         29       30       39       38           1
   27         30       31       40       39           1
   28         31       32       41       40           1
   29         32       33       42       41           1
   30         33       34       43       42           1
   31         34       35       44       43           1
   32         35       36       45       44           1
   33         37       38       47       46           1
   34         38       39       48       47           1
   35         39       40       49       48           1
   36         40       41       50       49           1
   37         41       42       51       50           1
   38         42       43       52       51           1
   39         43       44       53       52           1
   40         44       45       54       53           1
   41         46       47       56       55           1
   42         47       48       57       56           1
   43         48       49       58       57           1
   44         49       50       59       58           1
   45         50       51       60       59           1
   46         51       52       61       60           1
   47         52       53       62       61           1
   48         53       54       63       62           1
   49         55       56       65       64           1
   50         56       57       66       65           1
   51         57       58       67       66           1
   52         58       59       68       67           1
   53         59       60       69       68           1
   54         60       61       70       69           1
   55         61       62       71       70           1
   56         62       63       72       71           1
   57         64       65       74       73           1
   58         65       66       75       74           1
   59         66       67       76       75           1
   60         67       68       77       76           1
   61         68       69       78       77           1
   62         69       70       79       78           1
   63         70       71       80       79           1
   64         71       72       81       80           1

	TOTAL SYSTEM DATA

     NUMBER OF EQUATIONS . . . . . . . . . . . . . .(NEQ) = 144
     NUMBER OF MATRIX ELEMENTS . . . . . . . . . . .(NWK) = 2516
     MAXIMUM HALF BANDWIDTH  . . . . . . . . . . . .(MK ) = 20
     MEAN HALF BANDWIDTH . . . . . . . . . . . . . .(MM ) = 17


 LOAD CASE    1


 D I S P L A C E M E N T S

  NODE           X-DISPLACEMENT    Y-DISPLACEMENT    Z-DISPLACEMENT
    1               0.00000e+00       0.00000e+00       0.00000e+00
    2               6.95959e-04       3.99713e-04       0.00000e+00
    3               1.26706e-03       5.64545e-04       0.00000e+00
    4               1.82022e-03       6.54173e-04       0.00000e+00
    5               2.38094e-03       6.96581e-04       0.00000e+00
    6               2.95305e-03       7.15692e-04       0.00000e+00
    7               3.53574e-03       7.24410e-04       0.00000e+00
    8               4.12638e-03       7.31285e-04       0.00000e+00
    9               4.72091e-03       7.40837e-04       0.00000e+00
   10               0.00000e+00       0.00000e+00       0.00000e+00
   11               5.54761e-04       2.27477e-04       0.00000e+00
   12               1.16186e-03       3.99521e-04       0.00000e+00
   13               1.75541e-03       4.83614e-04       0.00000e+00
   14               2.34345e-03       5.23761e-04       0.00000e+00
   15               2.93149e-03       5.40368e-04       0.00000e+00
   16               3.52174e-03       5.47056e-04       0.00000e+00
   17               4.11460e-03       5.52291e-04       0.00000e+00
   18               4.70959e-03       5.61602e-04       0.00000e+00
   19               0.00000e+00       0.00000e+00       0.00000e+00
   20               5.34849e-04       1.33126e-04       0.00000e+00
   21               1.10919e-03       2.44362e-04       0.00000e+00
   22               1.70604e-03       3.13972e-04       0.00000e+00
   23               2.30561e-03       3.47588e-04       0.00000e+00
   24               2.90440e-03       3.61610e-04       0.00000e+00
   25               3.50198e-03       3.66856e-04       0.00000e+00
   26               4.09892e-03       3.70640e-04       0.00000e+00
   27               4.69592e-03       3.79029e-04       0.00000e+00
   28               0.00000e+00       0.00000e+00       0.00000e+00
   29               5.26650e-04       6.26036e-05       0.00000e+00
   30               1.09066e-03       1.16421e-04       0.00000e+00
   31               1.67979e-03       1.53035e-04       0.00000e+00
   32               2.28088e-03       1.72690e-04       0.00000e+00
   33               2.88427e-03       1.80998e-04       0.00000e+00
   34               3.48617e-03       1.84060e-04       0.00000e+00
   35               4.08581e-03       1.86158e-04       0.00000e+00
   36               4.68443e-03       1.91291e-04       0.00000e+00
   37               0.00000e+00       0.00000e+00       0.00000e+00
   38               5.24768e-04       4.91279e-18       0.00000e+00
   39               1.08537e-03       1.08014e-17       0.00000e+00
   40               1.67211e-03       1.72388e-17       0.00000e+00
   41               2.27255e-03       2.37711e-17       0.00000e+00
   42               2.87703e-03       2.98562e-17       0.00000e+00
   43               3.48022e-03       3.57380e-17       0.00000e+00
   44               4.08076e-03       3.95463e-17       0.00000e+00
   45               4.67997e-03       4.39636e-17       0.00000e+00
   46               0.00000e+00       0.00000e+00       0.00000e+00
   47               5.26650e-04      -6.26036e-05       0.00000e+00
   48               1.09066e-03      -1.16421e-04       0.00000e+00
   49               1.67979e-03      -1.53035e-04       0.00000e+00
   50               2.28088e-03      -1.72690e-04       0.00000e+00
   51               2.88427e-03      -1.80998e-04       0.00000e+00
   52               3.48617e-03      -1.84060e-04       0.00000e+00
   53               4.08581e-03      -1.86158e-04       0.00000e+00
   54               4.68443e-03      -1.91291e-04       0.00000e+00
   55               0.00000e+00       0.00000e+00       0.00000e+00
   56               5.34849e-04      -1.33126e-04       0.00000e+00
   57               1.10919e-03      -2.44362e-04       0.00000e+00
   58               1.70604e-03      -3.13972e-04       0.00000e+00
   59               2.30561e-03      -3.47588e-04       0.00000e+00
   60               2.90440e-03      -3.61610e-04       0.00000e+00
   61               3.50198e-03      -3.66856e-04       0.00000e+00
   62               4.09892e-03      -3.70640e-04       0.00000e+00
   63               4.69592e-03      -3.79029e-04       0.00000e+00
   64               0.00000e+00       0.00000e+00       0.00000e+00
   65               5.54761e-04      -2.27477e-04       0.00000e+00
   66               1.16186e-03      -3.99521e-04       0.00000e+00
   67               1.75541e-03      -4.83614e-04       0.00000e+00
   68               2.34345e-03      -5.23761e-04       0.00000e+00
   69               2.93149e-03      -5.40368e-04       0.00000e+00
   70               3.52174e-03      -5.47056e-04       0.00000e+00
   71               4.11460e-03      -5.52291e-04       0.00000e+00
   72               4.70959e-03      -5.61602e-04       0.00000e+00
   73               0.00000e+00       0.00000e+00       0.00000e+00
   74               6.95959e-04      -3.99713e-04       0.00000e+00
   75               1.26706e-03      -5.64545e-04       0.00000e+00
   76               1.82022e-03      -6.54173e-04       0.00000e+00
   77               2.38094e-03      -6.96581e-04       0.00000e+00
   78               2.95305e-03      -7.15692e-04       0.00000e+00
   79               3.53574e-03      -7.24410e-04       0.00000e+00
   80               4.12638e-03      -7.31285e-04       0.00000e+00
   81               4.72091e-03      -7.40837e-04       0.00000e+00

 S T R E S S  C A L C U L A T I O N S  F O R  E L E M E N T  G R O U P    1

  ELEMENT          SIGMA-X           SIGMA-Y            TAU-XY
  NUMBER
    1       1.10681e+03       1.87367e+02       1.57013e+02
    2       9.94175e+02       1.49541e+01       2.92310e+01
    3       9.65571e+02       7.78139e+00       1.20171e+00
    4       9.65309e+02       1.15422e+00      -6.37495e+00
    5       9.74490e+02      -9.40270e-02      -7.53504e+00
    6       9.85055e+02      -7.32994e-01      -6.51218e+00
    7       9.93777e+02      -1.20020e+00      -4.41643e+00
    8       9.98819e+02      -1.26752e+00      -1.36757e+00
    9       9.79665e+02       2.14644e+02       1.10070e+02
   10       1.02147e+03       9.68507e+01       6.80724e+01
   11       1.00889e+03       2.98328e+01       1.66899e+01
   12       1.00049e+03       9.66337e+00      -4.34968e+00
   13       9.97242e+02       1.03087e+00      -1.10850e+01
   14       9.97059e+02      -2.40664e+00      -1.12796e+01
   15       9.98071e+02      -4.53278e+00      -8.53603e+00
   16       9.99437e+02      -6.11656e+00      -3.76434e+00
   17       9.60316e+02       2.28857e+02       6.05866e+01
   18       9.95832e+02       1.32041e+02       4.46899e+01
   19       1.01474e+03       6.17649e+01       1.98523e+01
   20       1.01530e+03       2.24873e+01       7.40053e-01
   21       1.01126e+03       4.74819e+00      -7.27876e+00
   22       1.00658e+03      -3.28835e+00      -8.92930e+00
   23       1.00282e+03      -7.66676e+00      -7.44559e+00
   24       1.00058e+03      -1.24918e+01      -3.58087e+00
   25       9.53204e+02       2.33374e+02       1.96179e+01
   26       9.88527e+02       1.46177e+02       1.50675e+01
   27       1.01080e+03       7.68976e+01       7.63726e+00
   28       1.01890e+03       3.20616e+01       1.17935e+00
   29       1.01701e+03       8.00564e+00      -2.34628e+00
   30       1.01130e+03      -3.25768e+00      -3.27053e+00
   31       1.00533e+03      -9.38445e+00      -2.87382e+00
   32       1.00117e+03      -1.67070e+01      -1.41344e+00
   33       9.53204e+02       2.33374e+02      -1.96179e+01
   34       9.88527e+02       1.46177e+02      -1.50675e+01
   35       1.01080e+03       7.68976e+01      -7.63726e+00
   36       1.01890e+03       3.20616e+01      -1.17935e+00
   37       1.01701e+03       8.00564e+00       2.34628e+00
   38       1.01130e+03      -3.25768e+00       3.27053e+00
   39       1.00533e+03      -9.38445e+00       2.87382e+00
   40       1.00117e+03      -1.67070e+01       1.41344e+00
   41       9.60316e+02       2.28857e+02      -6.05866e+01
   42       9.95832e+02       1.32041e+02      -4.46899e+01
   43       1.01474e+03       6.17649e+01      -1.98523e+01
   44       1.01530e+03       2.24873e+01      -7.40053e-01
   45       1.01126e+03       4.74819e+00       7.27876e+00
   46       1.00658e+03      -3.28835e+00       8.92930e+00
   47       1.00282e+03      -7.66676e+00       7.44559e+00
   48       1.00058e+03      -1.24918e+01       3.58087e+00
   49       9.79665e+02       2.14644e+02      -1.10070e+02
   50       1.02147e+03       9.68507e+01      -6.80724e+01
   51       1.00889e+03       2.98328e+01      -1.66899e+01
   52       1.00049e+03       9.66337e+00       4.34968e+00
   53       9.97242e+02       1.03087e+00       1.10850e+01
   54       9.97059e+02      -2.40664e+00       1.12796e+01
   55       9.98071e+02      -4.53278e+00       8.53603e+00
   56       9.99437e+02      -6.11656e+00       3.76434e+00
   57       1.10681e+03       1.87367e+02      -1.57013e+02
   58       9.94175e+02       1.49541e+01      -2.92310e+01
   59       9.65571e+02       7.78139e+00      -1.20171e+00
   60       9.65309e+02       1.15422e+00       6.37495e+00
   61       9.74490e+02      -9.40270e-02       7.53504e+00
   62       9.85055e+02      -7.32994e-01       6.51218e+00
   63       9.93777e+02      -1.20020e+00       4.41643e+00
   64       9.98819e+02      -1.26752e+00       1.36757e+00


 S O L U T I O N   T I M E   L O G   I N   S E C 

     TIME FOR INPUT PHASE = 1.90000e-02
     TIME FOR CALCULATION OF STIFFNESS MATRIX = 0.00000e+00
     TIME FOR FACTORIZATION AND LOAD CASE SOLUTIONS = 5.00000e-03

     T O T A L   S O L U T I O N   T I M E = 2.40000e-02

