TITLE : Q4_convergence_shear_8x8
        (22:25:53 on May 9, 2026, Saturday)

C O N T R O L   I N F O R M A T I O N

      NUMBER OF NODAL POINTS . . . . . . . . . . (NUMNP)  =    81
      NUMBER OF ELEMENT GROUPS . . . . . . . . . (NUMEG)  =     1
      NUMBER OF LOAD CASES . . . . . . . . . . . (NLCASE) =     1
      SOLUTION MODE  . . . . . . . . . . . . . . (MODEX)  =     1
         EQ.0, DATA CHECK
         EQ.1, EXECUTION

 N O D A L   P O I N T   D A T A

    NODE       BOUNDARY                         NODAL POINT
   NUMBER  CONDITION  CODES                     COORDINATES
        1    1    1    1       0.00000e+00    0.00000e+00    0.00000e+00
        2    0    0    1       1.25000e-01    0.00000e+00    0.00000e+00
        3    0    0    1       2.50000e-01    0.00000e+00    0.00000e+00
        4    0    0    1       3.75000e-01    0.00000e+00    0.00000e+00
        5    0    0    1       5.00000e-01    0.00000e+00    0.00000e+00
        6    0    0    1       6.25000e-01    0.00000e+00    0.00000e+00
        7    0    0    1       7.50000e-01    0.00000e+00    0.00000e+00
        8    0    0    1       8.75000e-01    0.00000e+00    0.00000e+00
        9    0    0    1       1.00000e+00    0.00000e+00    0.00000e+00
       10    1    1    1       0.00000e+00    1.25000e-01    0.00000e+00
       11    0    0    1       1.25000e-01    1.25000e-01    0.00000e+00
       12    0    0    1       2.50000e-01    1.25000e-01    0.00000e+00
       13    0    0    1       3.75000e-01    1.25000e-01    0.00000e+00
       14    0    0    1       5.00000e-01    1.25000e-01    0.00000e+00
       15    0    0    1       6.25000e-01    1.25000e-01    0.00000e+00
       16    0    0    1       7.50000e-01    1.25000e-01    0.00000e+00
       17    0    0    1       8.75000e-01    1.25000e-01    0.00000e+00
       18    0    0    1       1.00000e+00    1.25000e-01    0.00000e+00
       19    1    1    1       0.00000e+00    2.50000e-01    0.00000e+00
       20    0    0    1       1.25000e-01    2.50000e-01    0.00000e+00
       21    0    0    1       2.50000e-01    2.50000e-01    0.00000e+00
       22    0    0    1       3.75000e-01    2.50000e-01    0.00000e+00
       23    0    0    1       5.00000e-01    2.50000e-01    0.00000e+00
       24    0    0    1       6.25000e-01    2.50000e-01    0.00000e+00
       25    0    0    1       7.50000e-01    2.50000e-01    0.00000e+00
       26    0    0    1       8.75000e-01    2.50000e-01    0.00000e+00
       27    0    0    1       1.00000e+00    2.50000e-01    0.00000e+00
       28    1    1    1       0.00000e+00    3.75000e-01    0.00000e+00
       29    0    0    1       1.25000e-01    3.75000e-01    0.00000e+00
       30    0    0    1       2.50000e-01    3.75000e-01    0.00000e+00
       31    0    0    1       3.75000e-01    3.75000e-01    0.00000e+00
       32    0    0    1       5.00000e-01    3.75000e-01    0.00000e+00
       33    0    0    1       6.25000e-01    3.75000e-01    0.00000e+00
       34    0    0    1       7.50000e-01    3.75000e-01    0.00000e+00
       35    0    0    1       8.75000e-01    3.75000e-01    0.00000e+00
       36    0    0    1       1.00000e+00    3.75000e-01    0.00000e+00
       37    1    1    1       0.00000e+00    5.00000e-01    0.00000e+00
       38    0    0    1       1.25000e-01    5.00000e-01    0.00000e+00
       39    0    0    1       2.50000e-01    5.00000e-01    0.00000e+00
       40    0    0    1       3.75000e-01    5.00000e-01    0.00000e+00
       41    0    0    1       5.00000e-01    5.00000e-01    0.00000e+00
       42    0    0    1       6.25000e-01    5.00000e-01    0.00000e+00
       43    0    0    1       7.50000e-01    5.00000e-01    0.00000e+00
       44    0    0    1       8.75000e-01    5.00000e-01    0.00000e+00
       45    0    0    1       1.00000e+00    5.00000e-01    0.00000e+00
       46    1    1    1       0.00000e+00    6.25000e-01    0.00000e+00
       47    0    0    1       1.25000e-01    6.25000e-01    0.00000e+00
       48    0    0    1       2.50000e-01    6.25000e-01    0.00000e+00
       49    0    0    1       3.75000e-01    6.25000e-01    0.00000e+00
       50    0    0    1       5.00000e-01    6.25000e-01    0.00000e+00
       51    0    0    1       6.25000e-01    6.25000e-01    0.00000e+00
       52    0    0    1       7.50000e-01    6.25000e-01    0.00000e+00
       53    0    0    1       8.75000e-01    6.25000e-01    0.00000e+00
       54    0    0    1       1.00000e+00    6.25000e-01    0.00000e+00
       55    1    1    1       0.00000e+00    7.50000e-01    0.00000e+00
       56    0    0    1       1.25000e-01    7.50000e-01    0.00000e+00
       57    0    0    1       2.50000e-01    7.50000e-01    0.00000e+00
       58    0    0    1       3.75000e-01    7.50000e-01    0.00000e+00
       59    0    0    1       5.00000e-01    7.50000e-01    0.00000e+00
       60    0    0    1       6.25000e-01    7.50000e-01    0.00000e+00
       61    0    0    1       7.50000e-01    7.50000e-01    0.00000e+00
       62    0    0    1       8.75000e-01    7.50000e-01    0.00000e+00
       63    0    0    1       1.00000e+00    7.50000e-01    0.00000e+00
       64    1    1    1       0.00000e+00    8.75000e-01    0.00000e+00
       65    0    0    1       1.25000e-01    8.75000e-01    0.00000e+00
       66    0    0    1       2.50000e-01    8.75000e-01    0.00000e+00
       67    0    0    1       3.75000e-01    8.75000e-01    0.00000e+00
       68    0    0    1       5.00000e-01    8.75000e-01    0.00000e+00
       69    0    0    1       6.25000e-01    8.75000e-01    0.00000e+00
       70    0    0    1       7.50000e-01    8.75000e-01    0.00000e+00
       71    0    0    1       8.75000e-01    8.75000e-01    0.00000e+00
       72    0    0    1       1.00000e+00    8.75000e-01    0.00000e+00
       73    1    1    1       0.00000e+00    1.00000e+00    0.00000e+00
       74    0    0    1       1.25000e-01    1.00000e+00    0.00000e+00
       75    0    0    1       2.50000e-01    1.00000e+00    0.00000e+00
       76    0    0    1       3.75000e-01    1.00000e+00    0.00000e+00
       77    0    0    1       5.00000e-01    1.00000e+00    0.00000e+00
       78    0    0    1       6.25000e-01    1.00000e+00    0.00000e+00
       79    0    0    1       7.50000e-01    1.00000e+00    0.00000e+00
       80    0    0    1       8.75000e-01    1.00000e+00    0.00000e+00
       81    0    0    1       1.00000e+00    1.00000e+00    0.00000e+00

 EQUATION NUMBERS

   NODE NUMBER   DEGREES OF FREEDOM
        N           X    Y    Z
        1           0    0    0
        2           1    2    0
        3           3    4    0
        4           5    6    0
        5           7    8    0
        6           9   10    0
        7          11   12    0
        8          13   14    0
        9          15   16    0
       10           0    0    0
       11          17   18    0
       12          19   20    0
       13          21   22    0
       14          23   24    0
       15          25   26    0
       16          27   28    0
       17          29   30    0
       18          31   32    0
       19           0    0    0
       20          33   34    0
       21          35   36    0
       22          37   38    0
       23          39   40    0
       24          41   42    0
       25          43   44    0
       26          45   46    0
       27          47   48    0
       28           0    0    0
       29          49   50    0
       30          51   52    0
       31          53   54    0
       32          55   56    0
       33          57   58    0
       34          59   60    0
       35          61   62    0
       36          63   64    0
       37           0    0    0
       38          65   66    0
       39          67   68    0
       40          69   70    0
       41          71   72    0
       42          73   74    0
       43          75   76    0
       44          77   78    0
       45          79   80    0
       46           0    0    0
       47          81   82    0
       48          83   84    0
       49          85   86    0
       50          87   88    0
       51          89   90    0
       52          91   92    0
       53          93   94    0
       54          95   96    0
       55           0    0    0
       56          97   98    0
       57          99  100    0
       58         101  102    0
       59         103  104    0
       60         105  106    0
       61         107  108    0
       62         109  110    0
       63         111  112    0
       64           0    0    0
       65         113  114    0
       66         115  116    0
       67         117  118    0
       68         119  120    0
       69         121  122    0
       70         123  124    0
       71         125  126    0
       72         127  128    0
       73           0    0    0
       74         129  130    0
       75         131  132    0
       76         133  134    0
       77         135  136    0
       78         137  138    0
       79         139  140    0
       80         141  142    0
       81         143  144    0

 L O A D   C A S E   D A T A

     LOAD CASE NUMBER . . . . . . . =     1
     NUMBER OF CONCENTRATED LOADS . =     9

    NODE       DIRECTION      LOAD
   NUMBER                   MAGNITUDE
      9            2        3.12500e+01
     18            2        6.25000e+01
     27            2        6.25000e+01
     36            2        6.25000e+01
     45            2        6.25000e+01
     54            2        6.25000e+01
     63            2        6.25000e+01
     72            2        6.25000e+01
     81            2        3.12500e+01

 E L E M E N T   G R O U P   D A T A


 E L E M E N T   D E F I N I T I O N

 ELEMENT TYPE  . . . . . . . . . . . . .( NPAR(1) ) . . =    2
     EQ.1, TRUSS ELEMENTS
     EQ.2, ELEMENTS CURRENTLY
     EQ.3, NOT AVAILABLE

 NUMBER OF ELEMENTS. . . . . . . . . . .( NPAR(2) ) . . =   64

 M A T E R I A L   D E F I N I T I O N

 NUMBER OF DIFFERENT SETS OF MATERIAL . . . . . . . . . . . . . . . . . . =    1

  SET       YOUNG'S        POISSON'S       THICKNESS   MODE
 NUMBER     MODULUS          RATIO
               E              NU              T      1=PS 2=PE
    1     2.10000e+05     3.00000e-01     1.00000e+00       1


 E L E M E N T   I N F O R M A T I O N
 ELEMENT     NODE     NODE     NODE     NODE       MATERIAL
 NUMBER-N      I        J        K        L       SET NUMBER
    1          1        2       11       10           1
    2          2        3       12       11           1
    3          3        4       13       12           1
    4          4        5       14       13           1
    5          5        6       15       14           1
    6          6        7       16       15           1
    7          7        8       17       16           1
    8          8        9       18       17           1
    9         10       11       20       19           1
   10         11       12       21       20           1
   11         12       13       22       21           1
   12         13       14       23       22           1
   13         14       15       24       23           1
   14         15       16       25       24           1
   15         16       17       26       25           1
   16         17       18       27       26           1
   17         19       20       29       28           1
   18         20       21       30       29           1
   19         21       22       31       30           1
   20         22       23       32       31           1
   21         23       24       33       32           1
   22         24       25       34       33           1
   23         25       26       35       34           1
   24         26       27       36       35           1
   25         28       29       38       37           1
   26         29       30       39       38           1
   27         30       31       40       39           1
   28         31       32       41       40           1
   29         32       33       42       41           1
   30         33       34       43       42           1
   31         34       35       44       43           1
   32         35       36       45       44           1
   33         37       38       47       46           1
   34         38       39       48       47           1
   35         39       40       49       48           1
   36         40       41       50       49           1
   37         41       42       51       50           1
   38         42       43       52       51           1
   39         43       44       53       52           1
   40         44       45       54       53           1
   41         46       47       56       55           1
   42         47       48       57       56           1
   43         48       49       58       57           1
   44         49       50       59       58           1
   45         50       51       60       59           1
   46         51       52       61       60           1
   47         52       53       62       61           1
   48         53       54       63       62           1
   49         55       56       65       64           1
   50         56       57       66       65           1
   51         57       58       67       66           1
   52         58       59       68       67           1
   53         59       60       69       68           1
   54         60       61       70       69           1
   55         61       62       71       70           1
   56         62       63       72       71           1
   57         64       65       74       73           1
   58         65       66       75       74           1
   59         66       67       76       75           1
   60         67       68       77       76           1
   61         68       69       78       77           1
   62         69       70       79       78           1
   63         70       71       80       79           1
   64         71       72       81       80           1

	TOTAL SYSTEM DATA

     NUMBER OF EQUATIONS . . . . . . . . . . . . . .(NEQ) = 144
     NUMBER OF MATRIX ELEMENTS . . . . . . . . . . .(NWK) = 2516
     MAXIMUM HALF BANDWIDTH  . . . . . . . . . . . .(MK ) = 20
     MEAN HALF BANDWIDTH . . . . . . . . . . . . . .(MM ) = 17


 LOAD CASE    1


 D I S P L A C E M E N T S

  NODE           X-DISPLACEMENT    Y-DISPLACEMENT    Z-DISPLACEMENT
    1               0.00000e+00       0.00000e+00       0.00000e+00
    2               1.99716e-03       1.47307e-03       0.00000e+00
    3               3.48959e-03       2.94396e-03       0.00000e+00
    4               4.70645e-03       4.69789e-03       0.00000e+00
    5               5.70408e-03       6.69223e-03       0.00000e+00
    6               6.49883e-03       8.90092e-03       0.00000e+00
    7               7.11112e-03       1.12980e-02       0.00000e+00
    8               7.56327e-03       1.39068e-02       0.00000e+00
    9               7.77892e-03       1.69541e-02       0.00000e+00
   10               0.00000e+00       0.00000e+00       0.00000e+00
   11               1.05131e-03       1.05704e-03       0.00000e+00
   12               2.14334e-03       2.60854e-03       0.00000e+00
   13               3.06647e-03       4.40881e-03       0.00000e+00
   14               3.81828e-03       6.46067e-03       0.00000e+00
   15               4.40044e-03       8.72547e-03       0.00000e+00
   16               4.80987e-03       1.11739e-02       0.00000e+00
   17               5.03702e-03       1.38203e-02       0.00000e+00
   18               5.14768e-03       1.67416e-02       0.00000e+00
   19               0.00000e+00       0.00000e+00       0.00000e+00
   20               6.17225e-04       9.40833e-04       0.00000e+00
   21               1.23896e-03       2.39648e-03       0.00000e+00
   22               1.82613e-03       4.21497e-03       0.00000e+00
   23               2.31464e-03       6.30402e-03       0.00000e+00
   24               2.68341e-03       8.61580e-03       0.00000e+00
   25               2.92195e-03       1.11060e-02       0.00000e+00
   26               3.04421e-03       1.37311e-02       0.00000e+00
   27               3.13186e-03       1.63828e-02       0.00000e+00
   28               0.00000e+00       0.00000e+00       0.00000e+00
   29               2.86683e-04       9.08472e-04       0.00000e+00
   30               5.75425e-04       2.31103e-03       0.00000e+00
   31               8.50005e-04       4.11195e-03       0.00000e+00
   32               1.08576e-03       6.21902e-03       0.00000e+00
   33               1.26171e-03       8.55976e-03       0.00000e+00
   34               1.37175e-03       1.10674e-02       0.00000e+00
   35               1.42973e-03       1.36453e-02       0.00000e+00
   36               1.47738e-03       1.61129e-02       0.00000e+00
   37               0.00000e+00       0.00000e+00       0.00000e+00
   38               3.56770e-18       9.01883e-04       0.00000e+00
   39               8.28059e-18       2.28881e-03       0.00000e+00
   40               1.35932e-17       4.08203e-03       0.00000e+00
   41               1.87838e-17       6.19273e-03       0.00000e+00
   42               2.41235e-17       8.54280e-03       0.00000e+00
   43               2.81893e-17       1.10535e-02       0.00000e+00
   44               2.79724e-17       1.36109e-02       0.00000e+00
   45               2.84061e-17       1.60153e-02       0.00000e+00
   46               0.00000e+00       0.00000e+00       0.00000e+00
   47              -2.86683e-04       9.08472e-04       0.00000e+00
   48              -5.75425e-04       2.31103e-03       0.00000e+00
   49              -8.50005e-04       4.11195e-03       0.00000e+00
   50              -1.08576e-03       6.21902e-03       0.00000e+00
   51              -1.26171e-03       8.55976e-03       0.00000e+00
   52              -1.37175e-03       1.10674e-02       0.00000e+00
   53              -1.42973e-03       1.36453e-02       0.00000e+00
   54              -1.47738e-03       1.61129e-02       0.00000e+00
   55               0.00000e+00       0.00000e+00       0.00000e+00
   56              -6.17225e-04       9.40833e-04       0.00000e+00
   57              -1.23896e-03       2.39648e-03       0.00000e+00
   58              -1.82613e-03       4.21497e-03       0.00000e+00
   59              -2.31464e-03       6.30402e-03       0.00000e+00
   60              -2.68341e-03       8.61580e-03       0.00000e+00
   61              -2.92195e-03       1.11060e-02       0.00000e+00
   62              -3.04421e-03       1.37311e-02       0.00000e+00
   63              -3.13186e-03       1.63828e-02       0.00000e+00
   64               0.00000e+00       0.00000e+00       0.00000e+00
   65              -1.05131e-03       1.05704e-03       0.00000e+00
   66              -2.14334e-03       2.60854e-03       0.00000e+00
   67              -3.06647e-03       4.40881e-03       0.00000e+00
   68              -3.81828e-03       6.46067e-03       0.00000e+00
   69              -4.40044e-03       8.72547e-03       0.00000e+00
   70              -4.80987e-03       1.11739e-02       0.00000e+00
   71              -5.03702e-03       1.38203e-02       0.00000e+00
   72              -5.14768e-03       1.67416e-02       0.00000e+00
   73               0.00000e+00       0.00000e+00       0.00000e+00
   74              -1.99716e-03       1.47307e-03       0.00000e+00
   75              -3.48959e-03       2.94396e-03       0.00000e+00
   76              -4.70645e-03       4.69789e-03       0.00000e+00
   77              -5.70408e-03       6.69223e-03       0.00000e+00
   78              -6.49883e-03       8.90092e-03       0.00000e+00
   79              -7.11112e-03       1.12980e-02       0.00000e+00
   80              -7.56327e-03       1.39068e-02       0.00000e+00
   81              -7.77892e-03       1.69541e-02       0.00000e+00

 S T R E S S  C A L C U L A T I O N S  F O R  E L E M E N T  G R O U P    1

  ELEMENT          SIGMA-X           SIGMA-Y            TAU-XY
  NUMBER
    1       2.69876e+03       4.60158e+02       5.11837e+02
    2       2.17756e+03       2.20461e+01       2.35936e+02
    3       1.80244e+03       1.61473e+01       1.83500e+02
    4       1.47070e+03       3.86766e+00       1.68137e+02
    5       1.15828e+03       5.59833e+00       1.58080e+02
    6       8.60176e+02       6.44003e+00       1.44071e+02
    7       5.68744e+02      -6.23646e+00       1.38162e+02
    8       2.18412e+02      -1.85616e+02       2.62022e+02
    9       1.50801e+03       3.54791e+02       5.05223e+02
   10       1.49103e+03       1.71572e+02       5.39116e+02
   11       1.28173e+03       4.35711e+01       4.76230e+02
   12       1.04785e+03       1.99450e+01       4.51315e+02
   13       8.04031e+02       1.74987e+01       4.38058e+02
   14       5.48949e+02       1.55049e+01       4.30894e+02
   15       2.79015e+02      -4.82942e+01       4.49319e+02
   16       5.89954e+01      -3.58610e+02       5.05377e+02
   17       8.25416e+02       2.20442e+02       4.90677e+02
   18       8.07815e+02       1.43383e+02       6.02258e+02
   19       7.43271e+02       6.46622e+01       6.39610e+02
   20       6.16479e+02       2.70076e+01       6.43284e+02
   21       4.63764e+02       2.06618e+01       6.46782e+02
   22       2.95546e+02       9.13517e+00       6.54529e+02
   23       1.31903e+02      -6.50053e+01       6.58528e+02
   24       2.63669e+01      -2.90946e+02       5.97796e+02
   25       2.62806e+02       7.33072e+01       4.92263e+02
   26       2.58551e+02       5.33623e+01       6.22690e+02
   27       2.39020e+02       2.79070e+01       7.00660e+02
   28       2.02052e+02       1.33956e+01       7.37264e+02
   29       1.50437e+02       8.79503e+00       7.57080e+02
   30       9.30467e+01       2.05563e+00       7.70506e+02
   31       4.01897e+01      -2.83905e+01       7.53991e+02
   32       7.46327e+00      -1.08542e+02       6.34805e+02
   33      -2.62806e+02      -7.33072e+01       4.92263e+02
   34      -2.58551e+02      -5.33623e+01       6.22690e+02
   35      -2.39020e+02      -2.79070e+01       7.00660e+02
   36      -2.02052e+02      -1.33956e+01       7.37264e+02
   37      -1.50437e+02      -8.79503e+00       7.57080e+02
   38      -9.30467e+01      -2.05563e+00       7.70506e+02
   39      -4.01897e+01       2.83905e+01       7.53991e+02
   40      -7.46327e+00       1.08542e+02       6.34805e+02
   41      -8.25416e+02      -2.20442e+02       4.90677e+02
   42      -8.07815e+02      -1.43383e+02       6.02258e+02
   43      -7.43271e+02      -6.46622e+01       6.39610e+02
   44      -6.16479e+02      -2.70076e+01       6.43284e+02
   45      -4.63764e+02      -2.06618e+01       6.46782e+02
   46      -2.95546e+02      -9.13517e+00       6.54529e+02
   47      -1.31903e+02       6.50053e+01       6.58528e+02
   48      -2.63669e+01       2.90946e+02       5.97796e+02
   49      -1.50801e+03      -3.54791e+02       5.05223e+02
   50      -1.49103e+03      -1.71572e+02       5.39116e+02
   51      -1.28173e+03      -4.35711e+01       4.76230e+02
   52      -1.04785e+03      -1.99450e+01       4.51315e+02
   53      -8.04031e+02      -1.74987e+01       4.38058e+02
   54      -5.48949e+02      -1.55049e+01       4.30894e+02
   55      -2.79015e+02       4.82942e+01       4.49319e+02
   56      -5.89954e+01       3.58610e+02       5.05377e+02
   57      -2.69876e+03      -4.60158e+02       5.11837e+02
   58      -2.17756e+03      -2.20461e+01       2.35936e+02
   59      -1.80244e+03      -1.61473e+01       1.83500e+02
   60      -1.47070e+03      -3.86766e+00       1.68137e+02
   61      -1.15828e+03      -5.59833e+00       1.58080e+02
   62      -8.60176e+02      -6.44003e+00       1.44071e+02
   63      -5.68744e+02       6.23646e+00       1.38162e+02
   64      -2.18412e+02       1.85616e+02       2.62022e+02


 S O L U T I O N   T I M E   L O G   I N   S E C 

     TIME FOR INPUT PHASE = 2.00000e-02
     TIME FOR CALCULATION OF STIFFNESS MATRIX = 1.00000e-03
     TIME FOR FACTORIZATION AND LOAD CASE SOLUTIONS = 8.00000e-03

     T O T A L   S O L U T I O N   T I M E = 2.90000e-02

